{"C:\\Users\\podko\\Desktop\\study_practic\\backend\\server\\swagger.ts": {"path":"C:\\Users\\podko\\Desktop\\study_practic\\backend\\server\\swagger.ts","statementMap":{"0":{"start":{"line":1,"column":0},"end":{"line":1,"column":41}},"1":{"start":{"line":4,"column":45},"end":{"line":146,"column":2}},"2":{"start":{"line":148,"column":16},"end":{"line":153,"column":2}},"3":{"start":{"line":155,"column":13},"end":{"line":155,"column":49}}},"fnMap":{},"branchMap":{},"s":{"0":0,"1":0,"2":0,"3":0},"f":{},"b":{}}
,"C:\\Users\\podko\\Desktop\\study_practic\\backend\\server\\config\\appConfig.ts": {"path":"C:\\Users\\podko\\Desktop\\study_practic\\backend\\server\\config\\appConfig.ts","statementMap":{"0":{"start":{"line":1,"column":0},"end":{"line":1,"column":28}},"1":{"start":{"line":2,"column":0},"end":{"line":2,"column":24}},"2":{"start":{"line":3,"column":0},"end":{"line":3,"column":24}},"3":{"start":{"line":5,"column":0},"end":{"line":5,"column":16}},"4":{"start":{"line":7,"column":18},"end":{"line":23,"column":2}},"5":{"start":{"line":25,"column":18},"end":{"line":25,"column":50}},"6":{"start":{"line":27,"column":0},"end":{"line":30,"column":1}},"7":{"start":{"line":28,"column":2},"end":{"line":28,"column":93}},"8":{"start":{"line":29,"column":2},"end":{"line":29,"column":74}},"9":{"start":{"line":32,"column":12},"end":{"line":32,"column":26}},"10":{"start":{"line":34,"column":13},"end":{"line":61,"column":11}}},"fnMap":{},"branchMap":{"0":{"loc":{"start":{"line":27,"column":0},"end":{"line":30,"column":1}},"type":"if","locations":[{"start":{"line":27,"column":0},"end":{"line":30,"column":1}},{"start":{},"end":{}}]},"1":{"loc":{"start":{"line":58,"column":15},"end":{"line":60,"column":60}},"type":"cond-expr","locations":[{"start":{"line":59,"column":6},"end":{"line":59,"column":36}},{"start":{"line":60,"column":6},"end":{"line":60,"column":60}}]}},"s":{"0":0,"1":0,"2":0,"3":0,"4":0,"5":0,"6":0,"7":0,"8":0,"9":0,"10":0},"f":{},"b":{"0":[0,0],"1":[0,0]}}
,"C:\\Users\\podko\\Desktop\\study_practic\\backend\\server\\config\\db.ts": {"path":"C:\\Users\\podko\\Desktop\\study_practic\\backend\\server\\config\\db.ts","statementMap":{"0":{"start":{"line":1,"column":0},"end":{"line":1,"column":32}},"1":{"start":{"line":2,"column":0},"end":{"line":2,"column":40}},"2":{"start":{"line":4,"column":0},"end":{"line":6,"column":1}},"3":{"start":{"line":5,"column":2},"end":{"line":5,"column":83}},"4":{"start":{"line":8,"column":12},"end":{"line":12,"column":2}},"5":{"start":{"line":14,"column":0},"end":{"line":14,"column":19}}},"fnMap":{},"branchMap":{"0":{"loc":{"start":{"line":4,"column":0},"end":{"line":6,"column":1}},"type":"if","locations":[{"start":{"line":4,"column":0},"end":{"line":6,"column":1}},{"start":{},"end":{}}]},"1":{"loc":{"start":{"line":9,"column":7},"end":{"line":9,"column":73}},"type":"cond-expr","locations":[{"start":{"line":9,"column":32},"end":{"line":9,"column":61}},{"start":{"line":9,"column":64},"end":{"line":9,"column":73}}]}},"s":{"0":0,"1":0,"2":0,"3":0,"4":0,"5":0},"f":{},"b":{"0":[0,0],"1":[0,0]}}
,"C:\\Users\\podko\\Desktop\\study_practic\\backend\\server\\config\\envLoader.ts": {"path":"C:\\Users\\podko\\Desktop\\study_practic\\backend\\server\\config\\envLoader.ts","statementMap":{"0":{"start":{"line":1,"column":0},"end":{"line":1,"column":20}},"1":{"start":{"line":2,"column":0},"end":{"line":2,"column":24}},"2":{"start":{"line":4,"column":16},"end":{"line":4,"column":53}},"3":{"start":{"line":5,"column":34},"end":{"line":5,"column":36}},"4":{"start":{"line":7,"column":0},"end":{"line":24,"column":1}},"5":{"start":{"line":8,"column":18},"end":{"line":8,"column":50}},"6":{"start":{"line":9,"column":16},"end":{"line":9,"column":38}},"7":{"start":{"line":11,"column":2},"end":{"line":21,"column":5}},"8":{"start":{"line":12,"column":24},"end":{"line":12,"column":35}},"9":{"start":{"line":13,"column":4},"end":{"line":13,"column":60}},"10":{"start":{"line":13,"column":53},"end":{"line":13,"column":60}},"11":{"start":{"line":15,"column":29},"end":{"line":15,"column":51}},"12":{"start":{"line":16,"column":18},"end":{"line":16,"column":34}},"13":{"start":{"line":18,"column":4},"end":{"line":20,"column":5}},"14":{"start":{"line":19,"column":6},"end":{"line":19,"column":23}},"15":{"start":{"line":23,"column":2},"end":{"line":23,"column":38}},"16":{"start":{"line":26,"column":0},"end":{"line":26,"column":19}}},"fnMap":{"0":{"name":"(anonymous_1)","decl":{"start":{"line":11,"column":16},"end":{"line":11,"column":20}},"loc":{"start":{"line":11,"column":23},"end":{"line":21,"column":3}}}},"branchMap":{"0":{"loc":{"start":{"line":7,"column":0},"end":{"line":24,"column":1}},"type":"if","locations":[{"start":{"line":7,"column":0},"end":{"line":24,"column":1}},{"start":{"line":22,"column":7},"end":{"line":24,"column":1}}]},"1":{"loc":{"start":{"line":13,"column":4},"end":{"line":13,"column":60}},"type":"if","locations":[{"start":{"line":13,"column":4},"end":{"line":13,"column":60}},{"start":{},"end":{}}]},"2":{"loc":{"start":{"line":13,"column":8},"end":{"line":13,"column":51}},"type":"binary-expr","locations":[{"start":{"line":13,"column":8},"end":{"line":13,"column":20}},{"start":{"line":13,"column":24},"end":{"line":13,"column":51}}]},"3":{"loc":{"start":{"line":18,"column":4},"end":{"line":20,"column":5}},"type":"if","locations":[{"start":{"line":18,"column":4},"end":{"line":20,"column":5}},{"start":{},"end":{}}]},"4":{"loc":{"start":{"line":18,"column":8},"end":{"line":18,"column":20}},"type":"binary-expr","locations":[{"start":{"line":18,"column":8},"end":{"line":18,"column":11}},{"start":{"line":18,"column":15},"end":{"line":18,"column":20}}]}},"s":{"0":0,"1":0,"2":0,"3":0,"4":0,"5":0,"6":0,"7":0,"8":0,"9":0,"10":0,"11":0,"12":0,"13":0,"14":0,"15":0,"16":0},"f":{"0":0},"b":{"0":[0,0],"1":[0,0],"2":[0,0],"3":[0,0],"4":[0,0]}}
,"C:\\Users\\podko\\Desktop\\study_practic\\backend\\server\\middleware\\asyncHandler.ts": {"path":"C:\\Users\\podko\\Desktop\\study_practic\\backend\\server\\middleware\\asyncHandler.ts","statementMap":{"0":{"start":{"line":5,"column":28},"end":{"line":9,"column":1}},"1":{"start":{"line":6,"column":2},"end":{"line":8,"column":4}},"2":{"start":{"line":7,"column":4},"end":{"line":7,"column":52}},"3":{"start":{"line":5,"column":13},"end":{"line":5,"column":28}}},"fnMap":{"0":{"name":"(anonymous_0)","decl":{"start":{"line":5,"column":28},"end":{"line":5,"column":29}},"loc":{"start":{"line":5,"column":50},"end":{"line":9,"column":1}}},"1":{"name":"(anonymous_1)","decl":{"start":{"line":6,"column":9},"end":{"line":6,"column":10}},"loc":{"start":{"line":6,"column":61},"end":{"line":8,"column":3}}}},"branchMap":{},"s":{"0":0,"1":0,"2":0,"3":0},"f":{"0":0,"1":0},"b":{}}
,"C:\\Users\\podko\\Desktop\\study_practic\\backend\\server\\middleware\\authGuard.ts": {"path":"C:\\Users\\podko\\Desktop\\study_practic\\backend\\server\\middleware\\authGuard.ts","statementMap":{"0":{"start":{"line":2,"column":0},"end":{"line":2,"column":80}},"1":{"start":{"line":9,"column":25},"end":{"line":31,"column":1}},"2":{"start":{"line":10,"column":21},"end":{"line":10,"column":46}},"3":{"start":{"line":12,"column":2},"end":{"line":15,"column":3}},"4":{"start":{"line":13,"column":4},"end":{"line":13,"column":73}},"5":{"start":{"line":14,"column":4},"end":{"line":14,"column":11}},"6":{"start":{"line":17,"column":20},"end":{"line":17,"column":41}},"7":{"start":{"line":19,"column":2},"end":{"line":22,"column":3}},"8":{"start":{"line":20,"column":4},"end":{"line":20,"column":63}},"9":{"start":{"line":21,"column":4},"end":{"line":21,"column":11}},"10":{"start":{"line":24,"column":2},"end":{"line":30,"column":3}},"11":{"start":{"line":25,"column":20},"end":{"line":25,"column":44}},"12":{"start":{"line":26,"column":4},"end":{"line":26,"column":23}},"13":{"start":{"line":27,"column":4},"end":{"line":27,"column":11}},"14":{"start":{"line":29,"column":4},"end":{"line":29,"column":75}},"15":{"start":{"line":9,"column":13},"end":{"line":9,"column":25}},"16":{"start":{"line":33,"column":25},"end":{"line":47,"column":1}},"17":{"start":{"line":34,"column":2},"end":{"line":46,"column":4}},"18":{"start":{"line":35,"column":4},"end":{"line":38,"column":5}},"19":{"start":{"line":36,"column":6},"end":{"line":36,"column":67}},"20":{"start":{"line":37,"column":6},"end":{"line":37,"column":13}},"21":{"start":{"line":40,"column":4},"end":{"line":43,"column":5}},"22":{"start":{"line":41,"column":6},"end":{"line":41,"column":59}},"23":{"start":{"line":42,"column":6},"end":{"line":42,"column":13}},"24":{"start":{"line":45,"column":4},"end":{"line":45,"column":11}},"25":{"start":{"line":33,"column":13},"end":{"line":33,"column":25}}},"fnMap":{"0":{"name":"(anonymous_0)","decl":{"start":{"line":9,"column":25},"end":{"line":9,"column":26}},"loc":{"start":{"line":9,"column":90},"end":{"line":31,"column":1}}},"1":{"name":"(anonymous_1)","decl":{"start":{"line":33,"column":25},"end":{"line":33,"column":26}},"loc":{"start":{"line":33,"column":47},"end":{"line":47,"column":1}}},"2":{"name":"(anonymous_2)","decl":{"start":{"line":34,"column":9},"end":{"line":34,"column":10}},"loc":{"start":{"line":34,"column":74},"end":{"line":46,"column":3}}}},"branchMap":{"0":{"loc":{"start":{"line":12,"column":2},"end":{"line":15,"column":3}},"type":"if","locations":[{"start":{"line":12,"column":2},"end":{"line":15,"column":3}},{"start":{},"end":{}}]},"1":{"loc":{"start":{"line":19,"column":2},"end":{"line":22,"column":3}},"type":"if","locations":[{"start":{"line":19,"column":2},"end":{"line":22,"column":3}},{"start":{},"end":{}}]},"2":{"loc":{"start":{"line":35,"column":4},"end":{"line":38,"column":5}},"type":"if","locations":[{"start":{"line":35,"column":4},"end":{"line":38,"column":5}},{"start":{},"end":{}}]},"3":{"loc":{"start":{"line":40,"column":4},"end":{"line":43,"column":5}},"type":"if","locations":[{"start":{"line":40,"column":4},"end":{"line":43,"column":5}},{"start":{},"end":{}}]}},"s":{"0":0,"1":0,"2":0,"3":0,"4":0,"5":0,"6":0,"7":0,"8":0,"9":0,"10":0,"11":0,"12":0,"13":0,"14":0,"15":0,"16":0,"17":0,"18":0,"19":0,"20":0,"21":0,"22":0,"23":0,"24":0,"25":0},"f":{"0":0,"1":0,"2":0},"b":{"0":[0,0],"1":[0,0],"2":[0,0],"3":[0,0]}}
,"C:\\Users\\podko\\Desktop\\study_practic\\backend\\server\\middleware\\errorHandler.ts": {"path":"C:\\Users\\podko\\Desktop\\study_practic\\backend\\server\\middleware\\errorHandler.ts","statementMap":{"0":{"start":{"line":2,"column":0},"end":{"line":2,"column":31}},"1":{"start":{"line":9,"column":28},"end":{"line":39,"column":1}},"2":{"start":{"line":15,"column":2},"end":{"line":21,"column":3}},"3":{"start":{"line":16,"column":4},"end":{"line":19,"column":7}},"4":{"start":{"line":20,"column":4},"end":{"line":20,"column":11}},"5":{"start":{"line":23,"column":21},"end":{"line":23,"column":42}},"6":{"start":{"line":24,"column":18},"end":{"line":24,"column":60}},"7":{"start":{"line":26,"column":2},"end":{"line":32,"column":5}},"8":{"start":{"line":34,"column":2},"end":{"line":37,"column":5}},"9":{"start":{"line":38,"column":2},"end":{"line":38,"column":9}},"10":{"start":{"line":9,"column":13},"end":{"line":9,"column":28}},"11":{"start":{"line":41,"column":31},"end":{"line":45,"column":1}},"12":{"start":{"line":42,"column":2},"end":{"line":44,"column":5}},"13":{"start":{"line":41,"column":13},"end":{"line":41,"column":31}}},"fnMap":{"0":{"name":"(anonymous_0)","decl":{"start":{"line":9,"column":28},"end":{"line":9,"column":null}},"loc":{"start":{"line":14,"column":4},"end":{"line":39,"column":1}}},"1":{"name":"(anonymous_1)","decl":{"start":{"line":41,"column":31},"end":{"line":41,"column":32}},"loc":{"start":{"line":41,"column":63},"end":{"line":45,"column":1}}}},"branchMap":{"0":{"loc":{"start":{"line":15,"column":2},"end":{"line":21,"column":3}},"type":"if","locations":[{"start":{"line":15,"column":2},"end":{"line":21,"column":3}},{"start":{},"end":{}}]},"1":{"loc":{"start":{"line":23,"column":21},"end":{"line":23,"column":42}},"type":"binary-expr","locations":[{"start":{"line":23,"column":21},"end":{"line":23,"column":35}},{"start":{"line":23,"column":39},"end":{"line":23,"column":42}}]},"2":{"loc":{"start":{"line":24,"column":18},"end":{"line":24,"column":60}},"type":"binary-expr","locations":[{"start":{"line":24,"column":18},"end":{"line":24,"column":29}},{"start":{"line":24,"column":33},"end":{"line":24,"column":60}}]},"3":{"loc":{"start":{"line":29,"column":11},"end":{"line":29,"column":73}},"type":"cond-expr","locations":[{"start":{"line":29,"column":52},"end":{"line":29,"column":61}},{"start":{"line":29,"column":64},"end":{"line":29,"column":73}}]},"4":{"loc":{"start":{"line":36,"column":8},"end":{"line":36,"column":70}},"type":"binary-expr","locations":[{"start":{"line":36,"column":8},"end":{"line":36,"column":46}},{"start":{"line":36,"column":50},"end":{"line":36,"column":70}}]}},"s":{"0":0,"1":0,"2":0,"3":0,"4":0,"5":0,"6":0,"7":0,"8":0,"9":0,"10":0,"11":0,"12":0,"13":0},"f":{"0":0,"1":0},"b":{"0":[0,0],"1":[0,0],"2":[0,0],"3":[0,0],"4":[0,0]}}
,"C:\\Users\\podko\\Desktop\\study_practic\\backend\\server\\modules\\auth\\auth.controller.ts": {"path":"C:\\Users\\podko\\Desktop\\study_practic\\backend\\server\\modules\\auth\\auth.controller.ts","statementMap":{"0":{"start":{"line":2,"column":0},"end":{"line":2,"column":45}},"1":{"start":{"line":3,"column":0},"end":{"line":3,"column":null}},"2":{"start":{"line":16,"column":20},"end":{"line":16,"column":50}},"3":{"start":{"line":17,"column":19},"end":{"line":17,"column":54}},"4":{"start":{"line":18,"column":4},"end":{"line":18,"column":33}},"5":{"start":{"line":22,"column":20},"end":{"line":22,"column":47}},"6":{"start":{"line":23,"column":19},"end":{"line":23,"column":51}},"7":{"start":{"line":24,"column":4},"end":{"line":24,"column":21}},"8":{"start":{"line":28,"column":29},"end":{"line":28,"column":63}},"9":{"start":{"line":29,"column":19},"end":{"line":29,"column":64}},"10":{"start":{"line":30,"column":4},"end":{"line":30,"column":21}},"11":{"start":{"line":34,"column":19},"end":{"line":34,"column":40}},"12":{"start":{"line":35,"column":4},"end":{"line":38,"column":5}},"13":{"start":{"line":36,"column":6},"end":{"line":36,"column":67}},"14":{"start":{"line":37,"column":6},"end":{"line":37,"column":13}},"15":{"start":{"line":40,"column":17},"end":{"line":40,"column":53}},"16":{"start":{"line":41,"column":4},"end":{"line":41,"column":23}},"17":{"start":{"line":45,"column":19},"end":{"line":45,"column":45}},"18":{"start":{"line":46,"column":4},"end":{"line":46,"column":21}},"19":{"start":{"line":50,"column":20},"end":{"line":50,"column":58}},"20":{"start":{"line":51,"column":4},"end":{"line":51,"column":34}},"21":{"start":{"line":55,"column":20},"end":{"line":55,"column":62}},"22":{"start":{"line":56,"column":20},"end":{"line":56,"column":67}},"23":{"start":{"line":57,"column":4},"end":{"line":57,"column":22}},"24":{"start":{"line":61,"column":20},"end":{"line":61,"column":56}},"25":{"start":{"line":62,"column":19},"end":{"line":62,"column":40}},"26":{"start":{"line":64,"column":4},"end":{"line":67,"column":5}},"27":{"start":{"line":65,"column":6},"end":{"line":65,"column":67}},"28":{"start":{"line":66,"column":6},"end":{"line":66,"column":13}},"29":{"start":{"line":69,"column":17},"end":{"line":72,"column":6}},"30":{"start":{"line":74,"column":4},"end":{"line":74,"column":23}},"31":{"start":{"line":78,"column":20},"end":{"line":78,"column":62}},"32":{"start":{"line":79,"column":19},"end":{"line":79,"column":66}},"33":{"start":{"line":80,"column":4},"end":{"line":80,"column":21}},"34":{"start":{"line":84,"column":20},"end":{"line":84,"column":62}},"35":{"start":{"line":85,"column":19},"end":{"line":85,"column":66}},"36":{"start":{"line":86,"column":4},"end":{"line":86,"column":21}},"37":{"start":{"line":14,"column":0},"end":{"line":14,"column":13}}},"fnMap":{"0":{"name":"(anonymous_0)","decl":{"start":{"line":15,"column":2},"end":{"line":15,"column":8}},"loc":{"start":{"line":15,"column":51},"end":{"line":19,"column":3}}},"1":{"name":"(anonymous_1)","decl":{"start":{"line":21,"column":2},"end":{"line":21,"column":8}},"loc":{"start":{"line":21,"column":48},"end":{"line":25,"column":3}}},"2":{"name":"(anonymous_2)","decl":{"start":{"line":27,"column":2},"end":{"line":27,"column":8}},"loc":{"start":{"line":27,"column":55},"end":{"line":31,"column":3}}},"3":{"name":"(anonymous_3)","decl":{"start":{"line":33,"column":2},"end":{"line":33,"column":8}},"loc":{"start":{"line":33,"column":58},"end":{"line":42,"column":3}}},"4":{"name":"(anonymous_4)","decl":{"start":{"line":44,"column":2},"end":{"line":44,"column":8}},"loc":{"start":{"line":44,"column":49},"end":{"line":47,"column":3}}},"5":{"name":"(anonymous_5)","decl":{"start":{"line":49,"column":2},"end":{"line":49,"column":8}},"loc":{"start":{"line":49,"column":61},"end":{"line":52,"column":3}}},"6":{"name":"(anonymous_6)","decl":{"start":{"line":54,"column":2},"end":{"line":54,"column":8}},"loc":{"start":{"line":54,"column":63},"end":{"line":58,"column":3}}},"7":{"name":"(anonymous_7)","decl":{"start":{"line":60,"column":2},"end":{"line":60,"column":8}},"loc":{"start":{"line":60,"column":70},"end":{"line":75,"column":3}}},"8":{"name":"(anonymous_8)","decl":{"start":{"line":77,"column":2},"end":{"line":77,"column":8}},"loc":{"start":{"line":77,"column":63},"end":{"line":81,"column":3}}},"9":{"name":"(anonymous_9)","decl":{"start":{"line":83,"column":2},"end":{"line":83,"column":8}},"loc":{"start":{"line":83,"column":63},"end":{"line":87,"column":3}}}},"branchMap":{"0":{"loc":{"start":{"line":35,"column":4},"end":{"line":38,"column":5}},"type":"if","locations":[{"start":{"line":35,"column":4},"end":{"line":38,"column":5}},{"start":{},"end":{}}]},"1":{"loc":{"start":{"line":64,"column":4},"end":{"line":67,"column":5}},"type":"if","locations":[{"start":{"line":64,"column":4},"end":{"line":67,"column":5}},{"start":{},"end":{}}]}},"s":{"0":0,"1":0,"2":0,"3":0,"4":0,"5":0,"6":0,"7":0,"8":0,"9":0,"10":0,"11":0,"12":0,"13":0,"14":0,"15":0,"16":0,"17":0,"18":0,"19":0,"20":0,"21":0,"22":0,"23":0,"24":0,"25":0,"26":0,"27":0,"28":0,"29":0,"30":0,"31":0,"32":0,"33":0,"34":0,"35":0,"36":0,"37":0},"f":{"0":0,"1":0,"2":0,"3":0,"4":0,"5":0,"6":0,"7":0,"8":0,"9":0},"b":{"0":[0,0],"1":[0,0]}}
,"C:\\Users\\podko\\Desktop\\study_practic\\backend\\server\\modules\\auth\\auth.repository.ts": {"path":"C:\\Users\\podko\\Desktop\\study_practic\\backend\\server\\modules\\auth\\auth.repository.ts","statementMap":{"0":{"start":{"line":1,"column":0},"end":{"line":1,"column":34}},"1":{"start":{"line":8,"column":16},"end":{"line":17,"column":2}},"2":{"start":{"line":8,"column":46},"end":{"line":17,"column":2}},"3":{"start":{"line":19,"column":24},"end":{"line":24,"column":2}},"4":{"start":{"line":19,"column":62},"end":{"line":24,"column":2}},"5":{"start":{"line":28,"column":19},"end":{"line":33,"column":6}},"6":{"start":{"line":35,"column":4},"end":{"line":35,"column":41}},"7":{"start":{"line":35,"column":29},"end":{"line":35,"column":41}},"8":{"start":{"line":36,"column":4},"end":{"line":36,"column":30}},"9":{"start":{"line":40,"column":19},"end":{"line":45,"column":6}},"10":{"start":{"line":47,"column":4},"end":{"line":47,"column":41}},"11":{"start":{"line":47,"column":29},"end":{"line":47,"column":41}},"12":{"start":{"line":48,"column":4},"end":{"line":48,"column":30}},"13":{"start":{"line":52,"column":19},"end":{"line":57,"column":6}},"14":{"start":{"line":59,"column":4},"end":{"line":59,"column":41}},"15":{"start":{"line":59,"column":29},"end":{"line":59,"column":41}},"16":{"start":{"line":60,"column":4},"end":{"line":60,"column":30}},"17":{"start":{"line":64,"column":19},"end":{"line":68,"column":6}},"18":{"start":{"line":70,"column":4},"end":{"line":70,"column":30}},"19":{"start":{"line":74,"column":19},"end":{"line":79,"column":6}},"20":{"start":{"line":81,"column":4},"end":{"line":83,"column":5}},"21":{"start":{"line":82,"column":6},"end":{"line":82,"column":40}},"22":{"start":{"line":85,"column":4},"end":{"line":85,"column":30}},"23":{"start":{"line":89,"column":19},"end":{"line":93,"column":6}},"24":{"start":{"line":95,"column":4},"end":{"line":95,"column":38}},"25":{"start":{"line":99,"column":19},"end":{"line":104,"column":6}},"26":{"start":{"line":106,"column":4},"end":{"line":106,"column":41}},"27":{"start":{"line":106,"column":29},"end":{"line":106,"column":41}},"28":{"start":{"line":107,"column":4},"end":{"line":107,"column":38}},"29":{"start":{"line":111,"column":19},"end":{"line":116,"column":6}},"30":{"start":{"line":118,"column":4},"end":{"line":120,"column":5}},"31":{"start":{"line":119,"column":6},"end":{"line":119,"column":49}},"32":{"start":{"line":122,"column":4},"end":{"line":122,"column":38}},"33":{"start":{"line":126,"column":4},"end":{"line":129,"column":6}},"34":{"start":{"line":26,"column":0},"end":{"line":26,"column":13}}},"fnMap":{"0":{"name":"(anonymous_1)","decl":{"start":{"line":8,"column":16},"end":{"line":8,"column":17}},"loc":{"start":{"line":8,"column":46},"end":{"line":17,"column":2}}},"1":{"name":"(anonymous_2)","decl":{"start":{"line":19,"column":24},"end":{"line":19,"column":25}},"loc":{"start":{"line":19,"column":62},"end":{"line":24,"column":2}}},"2":{"name":"(anonymous_3)","decl":{"start":{"line":27,"column":2},"end":{"line":27,"column":8}},"loc":{"start":{"line":27,"column":44},"end":{"line":37,"column":3}}},"3":{"name":"(anonymous_4)","decl":{"start":{"line":39,"column":2},"end":{"line":39,"column":8}},"loc":{"start":{"line":39,"column":50},"end":{"line":49,"column":3}}},"4":{"name":"(anonymous_5)","decl":{"start":{"line":51,"column":2},"end":{"line":51,"column":8}},"loc":{"start":{"line":51,"column":38},"end":{"line":61,"column":3}}},"5":{"name":"(anonymous_6)","decl":{"start":{"line":63,"column":2},"end":{"line":63,"column":8}},"loc":{"start":{"line":63,"column":104},"end":{"line":71,"column":3}}},"6":{"name":"(anonymous_7)","decl":{"start":{"line":73,"column":2},"end":{"line":73,"column":8}},"loc":{"start":{"line":73,"column":70},"end":{"line":86,"column":3}}},"7":{"name":"(anonymous_8)","decl":{"start":{"line":88,"column":2},"end":{"line":88,"column":8}},"loc":{"start":{"line":88,"column":51},"end":{"line":96,"column":3}}},"8":{"name":"(anonymous_9)","decl":{"start":{"line":98,"column":2},"end":{"line":98,"column":8}},"loc":{"start":{"line":98,"column":49},"end":{"line":108,"column":3}}},"9":{"name":"(anonymous_10)","decl":{"start":{"line":110,"column":2},"end":{"line":110,"column":8}},"loc":{"start":{"line":110,"column":50},"end":{"line":123,"column":3}}},"10":{"name":"(anonymous_11)","decl":{"start":{"line":125,"column":2},"end":{"line":125,"column":8}},"loc":{"start":{"line":125,"column":51},"end":{"line":130,"column":3}}}},"branchMap":{"0":{"loc":{"start":{"line":35,"column":4},"end":{"line":35,"column":41}},"type":"if","locations":[{"start":{"line":35,"column":4},"end":{"line":35,"column":41}},{"start":{},"end":{}}]},"1":{"loc":{"start":{"line":47,"column":4},"end":{"line":47,"column":41}},"type":"if","locations":[{"start":{"line":47,"column":4},"end":{"line":47,"column":41}},{"start":{},"end":{}}]},"2":{"loc":{"start":{"line":59,"column":4},"end":{"line":59,"column":41}},"type":"if","locations":[{"start":{"line":59,"column":4},"end":{"line":59,"column":41}},{"start":{},"end":{}}]},"3":{"loc":{"start":{"line":63,"column":81},"end":{"line":63,"column":104}},"type":"default-arg","locations":[{"start":{"line":63,"column":98},"end":{"line":63,"column":104}}]},"4":{"loc":{"start":{"line":81,"column":4},"end":{"line":83,"column":5}},"type":"if","locations":[{"start":{"line":81,"column":4},"end":{"line":83,"column":5}},{"start":{},"end":{}}]},"5":{"loc":{"start":{"line":106,"column":4},"end":{"line":106,"column":41}},"type":"if","locations":[{"start":{"line":106,"column":4},"end":{"line":106,"column":41}},{"start":{},"end":{}}]},"6":{"loc":{"start":{"line":118,"column":4},"end":{"line":120,"column":5}},"type":"if","locations":[{"start":{"line":118,"column":4},"end":{"line":120,"column":5}},{"start":{},"end":{}}]}},"s":{"0":0,"1":0,"2":0,"3":0,"4":0,"5":0,"6":0,"7":0,"8":0,"9":0,"10":0,"11":0,"12":0,"13":0,"14":0,"15":0,"16":0,"17":0,"18":0,"19":0,"20":0,"21":0,"22":0,"23":0,"24":0,"25":0,"26":0,"27":0,"28":0,"29":0,"30":0,"31":0,"32":0,"33":0,"34":0},"f":{"0":0,"1":0,"2":0,"3":0,"4":0,"5":0,"6":0,"7":0,"8":0,"9":0,"10":0},"b":{"0":[0,0],"1":[0,0],"2":[0,0],"3":[0],"4":[0,0],"5":[0,0],"6":[0,0]}}
,"C:\\Users\\podko\\Desktop\\study_practic\\backend\\server\\modules\\auth\\auth.routes.ts": {"path":"C:\\Users\\podko\\Desktop\\study_practic\\backend\\server\\modules\\auth\\auth.routes.ts","statementMap":{"0":{"start":{"line":1,"column":0},"end":{"line":1,"column":33}},"1":{"start":{"line":2,"column":0},"end":{"line":2,"column":61}},"2":{"start":{"line":3,"column":0},"end":{"line":3,"column":55}},"3":{"start":{"line":4,"column":0},"end":{"line":4,"column":51}},"4":{"start":{"line":6,"column":15},"end":{"line":6,"column":23}},"5":{"start":{"line":31,"column":0},"end":{"line":31,"column":64}},"6":{"start":{"line":40,"column":0},"end":{"line":40,"column":58}},"7":{"start":{"line":42,"column":0},"end":{"line":42,"column":60}},"8":{"start":{"line":53,"column":0},"end":{"line":53,"column":62}},"9":{"start":{"line":62,"column":0},"end":{"line":62,"column":73}},"10":{"start":{"line":73,"column":0},"end":{"line":73,"column":88}},"11":{"start":{"line":75,"column":0},"end":{"line":75,"column":90}},"12":{"start":{"line":77,"column":0},"end":{"line":77,"column":90}},"13":{"start":{"line":86,"column":0},"end":{"line":86,"column":79}},"14":{"start":{"line":95,"column":0},"end":{"line":95,"column":90}},"15":{"start":{"line":97,"column":0},"end":{"line":97,"column":22}}},"fnMap":{},"branchMap":{},"s":{"0":0,"1":0,"2":0,"3":0,"4":0,"5":0,"6":0,"7":0,"8":0,"9":0,"10":0,"11":0,"12":0,"13":0,"14":0,"15":0},"f":{},"b":{}}
,"C:\\Users\\podko\\Desktop\\study_practic\\backend\\server\\modules\\auth\\auth.service.ts": {"path":"C:\\Users\\podko\\Desktop\\study_practic\\backend\\server\\modules\\auth\\auth.service.ts","statementMap":{"0":{"start":{"line":1,"column":0},"end":{"line":1,"column":36}},"1":{"start":{"line":2,"column":0},"end":{"line":2,"column":null}},"2":{"start":{"line":19,"column":0},"end":{"line":19,"column":80}},"3":{"start":{"line":20,"column":0},"end":{"line":20,"column":null}},"4":{"start":{"line":27,"column":0},"end":{"line":27,"column":51}},"5":{"start":{"line":28,"column":0},"end":{"line":28,"column":56}},"6":{"start":{"line":30,"column":19},"end":{"line":38,"column":2}},"7":{"start":{"line":30,"column":52},"end":{"line":38,"column":2}},"8":{"start":{"line":40,"column":20},"end":{"line":51,"column":1}},"9":{"start":{"line":41,"column":18},"end":{"line":45,"column":4}},"10":{"start":{"line":47,"column":2},"end":{"line":50,"column":4}},"11":{"start":{"line":53,"column":27},"end":{"line":58,"column":2}},"12":{"start":{"line":53,"column":79},"end":{"line":58,"column":2}},"13":{"start":{"line":62,"column":50},"end":{"line":65,"column":6}},"14":{"start":{"line":67,"column":4},"end":{"line":69,"column":5}},"15":{"start":{"line":68,"column":6},"end":{"line":68,"column":78}},"16":{"start":{"line":71,"column":4},"end":{"line":73,"column":5}},"17":{"start":{"line":72,"column":6},"end":{"line":72,"column":81}},"18":{"start":{"line":75,"column":25},"end":{"line":75,"column":59}},"19":{"start":{"line":76,"column":17},"end":{"line":76,"column":112}},"20":{"start":{"line":78,"column":4},"end":{"line":81,"column":6}},"21":{"start":{"line":85,"column":17},"end":{"line":85,"column":66}},"22":{"start":{"line":86,"column":4},"end":{"line":88,"column":5}},"23":{"start":{"line":87,"column":6},"end":{"line":87,"column":60}},"24":{"start":{"line":90,"column":28},"end":{"line":90,"column":85}},"25":{"start":{"line":91,"column":4},"end":{"line":93,"column":5}},"26":{"start":{"line":92,"column":6},"end":{"line":92,"column":60}},"27":{"start":{"line":95,"column":4},"end":{"line":98,"column":6}},"28":{"start":{"line":102,"column":20},"end":{"line":102,"column":52}},"29":{"start":{"line":103,"column":19},"end":{"line":103,"column":38}},"30":{"start":{"line":105,"column":4},"end":{"line":107,"column":5}},"31":{"start":{"line":106,"column":6},"end":{"line":106,"column":59}},"32":{"start":{"line":109,"column":17},"end":{"line":109,"column":58}},"33":{"start":{"line":111,"column":4},"end":{"line":113,"column":5}},"34":{"start":{"line":112,"column":6},"end":{"line":112,"column":59}},"35":{"start":{"line":115,"column":4},"end":{"line":115,"column":29}},"36":{"start":{"line":119,"column":17},"end":{"line":119,"column":58}},"37":{"start":{"line":120,"column":4},"end":{"line":122,"column":5}},"38":{"start":{"line":121,"column":6},"end":{"line":121,"column":59}},"39":{"start":{"line":124,"column":4},"end":{"line":124,"column":28}},"40":{"start":{"line":128,"column":22},"end":{"line":128,"column":34}},"41":{"start":{"line":129,"column":20},"end":{"line":129,"column":70}},"42":{"start":{"line":130,"column":4},"end":{"line":130,"column":39}},"43":{"start":{"line":134,"column":20},"end":{"line":134,"column":74}},"44":{"start":{"line":135,"column":4},"end":{"line":137,"column":5}},"45":{"start":{"line":136,"column":6},"end":{"line":136,"column":63}},"46":{"start":{"line":139,"column":18},"end":{"line":139,"column":64}},"47":{"start":{"line":140,"column":22},"end":{"line":140,"column":84}},"48":{"start":{"line":142,"column":4},"end":{"line":145,"column":5}},"49":{"start":{"line":143,"column":6},"end":{"line":143,"column":63}},"50":{"start":{"line":144,"column":6},"end":{"line":144,"column":60}},"51":{"start":{"line":147,"column":27},"end":{"line":147,"column":82}},"52":{"start":{"line":148,"column":4},"end":{"line":148,"column":46}},"53":{"start":{"line":152,"column":17},"end":{"line":152,"column":64}},"54":{"start":{"line":153,"column":4},"end":{"line":155,"column":5}},"55":{"start":{"line":154,"column":6},"end":{"line":154,"column":59}},"56":{"start":{"line":157,"column":28},"end":{"line":157,"column":92}},"57":{"start":{"line":158,"column":4},"end":{"line":160,"column":5}},"58":{"start":{"line":159,"column":6},"end":{"line":159,"column":59}},"59":{"start":{"line":162,"column":4},"end":{"line":164,"column":5}},"60":{"start":{"line":163,"column":6},"end":{"line":163,"column":79}},"61":{"start":{"line":166,"column":20},"end":{"line":166,"column":57}},"62":{"start":{"line":167,"column":24},"end":{"line":167,"column":81}},"63":{"start":{"line":168,"column":4},"end":{"line":168,"column":35}},"64":{"start":{"line":172,"column":17},"end":{"line":172,"column":66}},"65":{"start":{"line":173,"column":4},"end":{"line":175,"column":5}},"66":{"start":{"line":174,"column":6},"end":{"line":174,"column":73}},"67":{"start":{"line":177,"column":18},"end":{"line":181,"column":6}},"68":{"start":{"line":183,"column":4},"end":{"line":186,"column":6}},"69":{"start":{"line":190,"column":20},"end":{"line":190,"column":57}},"70":{"start":{"line":191,"column":19},"end":{"line":191,"column":38}},"71":{"start":{"line":192,"column":4},"end":{"line":194,"column":5}},"72":{"start":{"line":193,"column":6},"end":{"line":193,"column":59}},"73":{"start":{"line":195,"column":17},"end":{"line":195,"column":58}},"74":{"start":{"line":197,"column":4},"end":{"line":199,"column":5}},"75":{"start":{"line":198,"column":6},"end":{"line":198,"column":59}},"76":{"start":{"line":201,"column":25},"end":{"line":201,"column":62}},"77":{"start":{"line":202,"column":4},"end":{"line":202,"column":67}},"78":{"start":{"line":204,"column":4},"end":{"line":204,"column":50}},"79":{"start":{"line":208,"column":4},"end":{"line":208,"column":41}},"80":{"start":{"line":60,"column":0},"end":{"line":60,"column":13}}},"fnMap":{"0":{"name":"(anonymous_0)","decl":{"start":{"line":30,"column":19},"end":{"line":30,"column":20}},"loc":{"start":{"line":30,"column":52},"end":{"line":38,"column":2}}},"1":{"name":"(anonymous_1)","decl":{"start":{"line":40,"column":20},"end":{"line":40,"column":21}},"loc":{"start":{"line":40,"column":53},"end":{"line":51,"column":1}}},"2":{"name":"(anonymous_2)","decl":{"start":{"line":53,"column":27},"end":{"line":53,"column":28}},"loc":{"start":{"line":53,"column":79},"end":{"line":58,"column":2}}},"3":{"name":"(anonymous_3)","decl":{"start":{"line":61,"column":2},"end":{"line":61,"column":8}},"loc":{"start":{"line":61,"column":44},"end":{"line":82,"column":3}}},"4":{"name":"(anonymous_4)","decl":{"start":{"line":84,"column":2},"end":{"line":84,"column":8}},"loc":{"start":{"line":84,"column":38},"end":{"line":99,"column":3}}},"5":{"name":"(anonymous_5)","decl":{"start":{"line":101,"column":2},"end":{"line":101,"column":8}},"loc":{"start":{"line":101,"column":49},"end":{"line":116,"column":3}}},"6":{"name":"(anonymous_6)","decl":{"start":{"line":118,"column":2},"end":{"line":118,"column":8}},"loc":{"start":{"line":118,"column":40},"end":{"line":125,"column":3}}},"7":{"name":"(anonymous_7)","decl":{"start":{"line":127,"column":2},"end":{"line":127,"column":8}},"loc":{"start":{"line":127,"column":33},"end":{"line":131,"column":3}}},"8":{"name":"(anonymous_8)","decl":{"start":{"line":133,"column":2},"end":{"line":133,"column":8}},"loc":{"start":{"line":133,"column":68},"end":{"line":149,"column":3}}},"9":{"name":"(anonymous_9)","decl":{"start":{"line":151,"column":2},"end":{"line":151,"column":8}},"loc":{"start":{"line":151,"column":56},"end":{"line":169,"column":3}}},"10":{"name":"(anonymous_10)","decl":{"start":{"line":171,"column":2},"end":{"line":171,"column":8}},"loc":{"start":{"line":171,"column":68},"end":{"line":187,"column":3}}},"11":{"name":"(anonymous_11)","decl":{"start":{"line":189,"column":2},"end":{"line":189,"column":8}},"loc":{"start":{"line":189,"column":68},"end":{"line":205,"column":3}}},"12":{"name":"(anonymous_12)","decl":{"start":{"line":207,"column":2},"end":{"line":207,"column":8}},"loc":{"start":{"line":207,"column":21},"end":{"line":209,"column":3}}}},"branchMap":{"0":{"loc":{"start":{"line":44,"column":18},"end":{"line":44,"column":58}},"type":"binary-expr","locations":[{"start":{"line":44,"column":18},"end":{"line":44,"column":44}},{"start":{"line":44,"column":48},"end":{"line":44,"column":58}}]},"1":{"loc":{"start":{"line":67,"column":4},"end":{"line":69,"column":5}},"type":"if","locations":[{"start":{"line":67,"column":4},"end":{"line":69,"column":5}},{"start":{},"end":{}}]},"2":{"loc":{"start":{"line":71,"column":4},"end":{"line":73,"column":5}},"type":"if","locations":[{"start":{"line":71,"column":4},"end":{"line":73,"column":5}},{"start":{},"end":{}}]},"3":{"loc":{"start":{"line":86,"column":4},"end":{"line":88,"column":5}},"type":"if","locations":[{"start":{"line":86,"column":4},"end":{"line":88,"column":5}},{"start":{},"end":{}}]},"4":{"loc":{"start":{"line":91,"column":4},"end":{"line":93,"column":5}},"type":"if","locations":[{"start":{"line":91,"column":4},"end":{"line":93,"column":5}},{"start":{},"end":{}}]},"5":{"loc":{"start":{"line":105,"column":4},"end":{"line":107,"column":5}},"type":"if","locations":[{"start":{"line":105,"column":4},"end":{"line":107,"column":5}},{"start":{},"end":{}}]},"6":{"loc":{"start":{"line":111,"column":4},"end":{"line":113,"column":5}},"type":"if","locations":[{"start":{"line":111,"column":4},"end":{"line":113,"column":5}},{"start":{},"end":{}}]},"7":{"loc":{"start":{"line":120,"column":4},"end":{"line":122,"column":5}},"type":"if","locations":[{"start":{"line":120,"column":4},"end":{"line":122,"column":5}},{"start":{},"end":{}}]},"8":{"loc":{"start":{"line":135,"column":4},"end":{"line":137,"column":5}},"type":"if","locations":[{"start":{"line":135,"column":4},"end":{"line":137,"column":5}},{"start":{},"end":{}}]},"9":{"loc":{"start":{"line":142,"column":4},"end":{"line":145,"column":5}},"type":"if","locations":[{"start":{"line":142,"column":4},"end":{"line":145,"column":5}},{"start":{},"end":{}}]},"10":{"loc":{"start":{"line":153,"column":4},"end":{"line":155,"column":5}},"type":"if","locations":[{"start":{"line":153,"column":4},"end":{"line":155,"column":5}},{"start":{},"end":{}}]},"11":{"loc":{"start":{"line":158,"column":4},"end":{"line":160,"column":5}},"type":"if","locations":[{"start":{"line":158,"column":4},"end":{"line":160,"column":5}},{"start":{},"end":{}}]},"12":{"loc":{"start":{"line":162,"column":4},"end":{"line":164,"column":5}},"type":"if","locations":[{"start":{"line":162,"column":4},"end":{"line":164,"column":5}},{"start":{},"end":{}}]},"13":{"loc":{"start":{"line":173,"column":4},"end":{"line":175,"column":5}},"type":"if","locations":[{"start":{"line":173,"column":4},"end":{"line":175,"column":5}},{"start":{},"end":{}}]},"14":{"loc":{"start":{"line":192,"column":4},"end":{"line":194,"column":5}},"type":"if","locations":[{"start":{"line":192,"column":4},"end":{"line":194,"column":5}},{"start":{},"end":{}}]},"15":{"loc":{"start":{"line":197,"column":4},"end":{"line":199,"column":5}},"type":"if","locations":[{"start":{"line":197,"column":4},"end":{"line":199,"column":5}},{"start":{},"end":{}}]}},"s":{"0":0,"1":0,"2":0,"3":0,"4":0,"5":0,"6":0,"7":0,"8":0,"9":0,"10":0,"11":0,"12":0,"13":0,"14":0,"15":0,"16":0,"17":0,"18":0,"19":0,"20":0,"21":0,"22":0,"23":0,"24":0,"25":0,"26":0,"27":0,"28":0,"29":0,"30":0,"31":0,"32":0,"33":0,"34":0,"35":0,"36":0,"37":0,"38":0,"39":0,"40":0,"41":0,"42":0,"43":0,"44":0,"45":0,"46":0,"47":0,"48":0,"49":0,"50":0,"51":0,"52":0,"53":0,"54":0,"55":0,"56":0,"57":0,"58":0,"59":0,"60":0,"61":0,"62":0,"63":0,"64":0,"65":0,"66":0,"67":0,"68":0,"69":0,"70":0,"71":0,"72":0,"73":0,"74":0,"75":0,"76":0,"77":0,"78":0,"79":0,"80":0},"f":{"0":0,"1":0,"2":0,"3":0,"4":0,"5":0,"6":0,"7":0,"8":0,"9":0,"10":0,"11":0,"12":0},"b":{"0":[0,0],"1":[0,0],"2":[0,0],"3":[0,0],"4":[0,0],"5":[0,0],"6":[0,0],"7":[0,0],"8":[0,0],"9":[0,0],"10":[0,0],"11":[0,0],"12":[0,0],"13":[0,0],"14":[0,0],"15":[0,0]}}
,"C:\\Users\\podko\\Desktop\\study_practic\\backend\\server\\modules\\auth\\auth.validators.ts": {"path":"C:\\Users\\podko\\Desktop\\study_practic\\backend\\server\\modules\\auth\\auth.validators.ts","statementMap":{"0":{"start":{"line":1,"column":0},"end":{"line":1,"column":24}},"1":{"start":{"line":3,"column":13},"end":{"line":7,"column":3}},"2":{"start":{"line":9,"column":13},"end":{"line":12,"column":3}},"3":{"start":{"line":14,"column":13},"end":{"line":16,"column":3}},"4":{"start":{"line":18,"column":13},"end":{"line":20,"column":3}},"5":{"start":{"line":22,"column":13},"end":{"line":25,"column":3}},"6":{"start":{"line":27,"column":13},"end":{"line":29,"column":3}},"7":{"start":{"line":31,"column":13},"end":{"line":34,"column":3}}},"fnMap":{},"branchMap":{},"s":{"0":1,"1":1,"2":1,"3":1,"4":1,"5":1,"6":1,"7":1},"f":{},"b":{}}
,"C:\\Users\\podko\\Desktop\\study_practic\\backend\\server\\modules\\debug\\debug.routes.ts": {"path":"C:\\Users\\podko\\Desktop\\study_practic\\backend\\server\\modules\\debug\\debug.routes.ts","statementMap":{"0":{"start":{"line":1,"column":0},"end":{"line":1,"column":33}},"1":{"start":{"line":2,"column":0},"end":{"line":2,"column":34}},"2":{"start":{"line":3,"column":0},"end":{"line":3,"column":61}},"3":{"start":{"line":5,"column":15},"end":{"line":5,"column":23}},"4":{"start":{"line":32,"column":0},"end":{"line":39,"column":4}},"5":{"start":{"line":33,"column":15},"end":{"line":37,"column":4}},"6":{"start":{"line":38,"column":2},"end":{"line":38,"column":17}},"7":{"start":{"line":41,"column":0},"end":{"line":41,"column":22}}},"fnMap":{"0":{"name":"(anonymous_1)","decl":{"start":{"line":32,"column":35},"end":{"line":32,"column":40}},"loc":{"start":{"line":32,"column":54},"end":{"line":39,"column":1}}}},"branchMap":{},"s":{"0":0,"1":0,"2":0,"3":0,"4":0,"5":0,"6":0,"7":0},"f":{"0":0},"b":{}}
,"C:\\Users\\podko\\Desktop\\study_practic\\backend\\server\\modules\\files\\files.routes.ts": {"path":"C:\\Users\\podko\\Desktop\\study_practic\\backend\\server\\modules\\files\\files.routes.ts","statementMap":{"0":{"start":{"line":1,"column":0},"end":{"line":1,"column":66}},"1":{"start":{"line":2,"column":0},"end":{"line":2,"column":20}},"2":{"start":{"line":3,"column":0},"end":{"line":3,"column":24}},"3":{"start":{"line":4,"column":0},"end":{"line":4,"column":28}},"4":{"start":{"line":5,"column":0},"end":{"line":5,"column":30}},"5":{"start":{"line":6,"column":0},"end":{"line":6,"column":51}},"6":{"start":{"line":8,"column":15},"end":{"line":8,"column":23}},"7":{"start":{"line":10,"column":15},"end":{"line":10,"column":73}},"8":{"start":{"line":13,"column":1},"end":{"line":15,"column":2}},"9":{"start":{"line":14,"column":2},"end":{"line":14,"column":51}},"10":{"start":{"line":19,"column":14},"end":{"line":19,"column":71}},"11":{"start":{"line":20,"column":1},"end":{"line":20,"column":41}},"12":{"start":{"line":24,"column":23},"end":{"line":24,"column":64}},"13":{"start":{"line":25,"column":13},"end":{"line":25,"column":60}},"14":{"start":{"line":26,"column":1},"end":{"line":26,"column":12}},"15":{"start":{"line":30,"column":20},"end":{"line":30,"column":51}},"16":{"start":{"line":31,"column":18},"end":{"line":31,"column":44}},"17":{"start":{"line":32,"column":18},"end":{"line":32,"column":49}},"18":{"start":{"line":33,"column":20},"end":{"line":33,"column":44}},"19":{"start":{"line":35,"column":1},"end":{"line":37,"column":2}},"20":{"start":{"line":36,"column":2},"end":{"line":36,"column":70}},"21":{"start":{"line":38,"column":1},"end":{"line":38,"column":19}},"22":{"start":{"line":42,"column":0},"end":{"line":57,"column":3}},"23":{"start":{"line":43,"column":1},"end":{"line":56,"column":2}},"24":{"start":{"line":44,"column":34},"end":{"line":44,"column":44}},"25":{"start":{"line":45,"column":19},"end":{"line":45,"column":59}},"26":{"start":{"line":46,"column":2},"end":{"line":49,"column":3}},"27":{"start":{"line":47,"column":3},"end":{"line":47,"column":53}},"28":{"start":{"line":48,"column":3},"end":{"line":48,"column":10}},"29":{"start":{"line":50,"column":22},"end":{"line":50,"column":73}},"30":{"start":{"line":51,"column":2},"end":{"line":51,"column":55}},"31":{"start":{"line":52,"column":2},"end":{"line":52,"column":42}},"32":{"start":{"line":53,"column":2},"end":{"line":53,"column":25}},"33":{"start":{"line":55,"column":2},"end":{"line":55,"column":12}},"34":{"start":{"line":60,"column":0},"end":{"line":103,"column":3}},"35":{"start":{"line":61,"column":1},"end":{"line":102,"column":2}},"36":{"start":{"line":62,"column":24},"end":{"line":62,"column":34}},"37":{"start":{"line":63,"column":19},"end":{"line":63,"column":27}},"38":{"start":{"line":64,"column":31},"end":{"line":64,"column":94}},"39":{"start":{"line":66,"column":2},"end":{"line":69,"column":3}},"40":{"start":{"line":67,"column":3},"end":{"line":67,"column":83}},"41":{"start":{"line":68,"column":3},"end":{"line":68,"column":10}},"42":{"start":{"line":71,"column":14},"end":{"line":71,"column":61}},"43":{"start":{"line":72,"column":18},"end":{"line":72,"column":43}},"44":{"start":{"line":73,"column":2},"end":{"line":76,"column":3}},"45":{"start":{"line":74,"column":3},"end":{"line":74,"column":68}},"46":{"start":{"line":75,"column":3},"end":{"line":75,"column":10}},"47":{"start":{"line":78,"column":21},"end":{"line":78,"column":52}},"48":{"start":{"line":79,"column":2},"end":{"line":79,"column":58}},"49":{"start":{"line":80,"column":2},"end":{"line":80,"column":36}},"50":{"start":{"line":82,"column":20},"end":{"line":82,"column":57}},"51":{"start":{"line":83,"column":20},"end":{"line":83,"column":61}},"52":{"start":{"line":85,"column":2},"end":{"line":90,"column":5}},"53":{"start":{"line":86,"column":3},"end":{"line":89,"column":4}},"54":{"start":{"line":87,"column":4},"end":{"line":87,"column":57}},"55":{"start":{"line":88,"column":4},"end":{"line":88,"column":44}},"56":{"start":{"line":92,"column":15},"end":{"line":92,"column":48}},"57":{"start":{"line":93,"column":18},"end":{"line":93,"column":46}},"58":{"start":{"line":95,"column":2},"end":{"line":99,"column":5}},"59":{"start":{"line":101,"column":2},"end":{"line":101,"column":12}},"60":{"start":{"line":106,"column":0},"end":{"line":119,"column":3}},"61":{"start":{"line":107,"column":1},"end":{"line":118,"column":2}},"62":{"start":{"line":108,"column":24},"end":{"line":108,"column":34}},"63":{"start":{"line":109,"column":14},"end":{"line":109,"column":45}},"64":{"start":{"line":110,"column":2},"end":{"line":113,"column":3}},"65":{"start":{"line":111,"column":3},"end":{"line":111,"column":27}},"66":{"start":{"line":112,"column":3},"end":{"line":112,"column":10}},"67":{"start":{"line":114,"column":16},"end":{"line":114,"column":46}},"68":{"start":{"line":115,"column":2},"end":{"line":115,"column":22}},"69":{"start":{"line":117,"column":2},"end":{"line":117,"column":12}},"70":{"start":{"line":122,"column":0},"end":{"line":135,"column":3}},"71":{"start":{"line":123,"column":1},"end":{"line":134,"column":2}},"72":{"start":{"line":124,"column":34},"end":{"line":124,"column":44}},"73":{"start":{"line":125,"column":19},"end":{"line":125,"column":59}},"74":{"start":{"line":126,"column":2},"end":{"line":129,"column":3}},"75":{"start":{"line":127,"column":3},"end":{"line":127,"column":53}},"76":{"start":{"line":128,"column":3},"end":{"line":128,"column":10}},"77":{"start":{"line":130,"column":2},"end":{"line":130,"column":37}},"78":{"start":{"line":131,"column":2},"end":{"line":131,"column":25}},"79":{"start":{"line":133,"column":2},"end":{"line":133,"column":12}},"80":{"start":{"line":137,"column":0},"end":{"line":137,"column":22}}},"fnMap":{"0":{"name":"ensureDirectoryExists","decl":{"start":{"line":12,"column":9},"end":{"line":12,"column":30}},"loc":{"start":{"line":12,"column":52},"end":{"line":16,"column":1}}},"1":{"name":"sanitizeFileName","decl":{"start":{"line":18,"column":9},"end":{"line":18,"column":25}},"loc":{"start":{"line":18,"column":42},"end":{"line":21,"column":1}}},"2":{"name":"buildSafeAccountPath","decl":{"start":{"line":23,"column":9},"end":{"line":23,"column":29}},"loc":{"start":{"line":23,"column":47},"end":{"line":27,"column":1}}},"3":{"name":"resolveSafeFilePath","decl":{"start":{"line":29,"column":9},"end":{"line":29,"column":28}},"loc":{"start":{"line":29,"column":64},"end":{"line":39,"column":1}}},"4":{"name":"(anonymous_5)","decl":{"start":{"line":42,"column":36},"end":{"line":42,"column":37}},"loc":{"start":{"line":42,"column":88},"end":{"line":57,"column":1}}},"5":{"name":"(anonymous_6)","decl":{"start":{"line":60,"column":56},"end":{"line":60,"column":61}},"loc":{"start":{"line":60,"column":114},"end":{"line":103,"column":1}}},"6":{"name":"(anonymous_7)","decl":{"start":{"line":85,"column":59},"end":{"line":85,"column":64}},"loc":{"start":{"line":85,"column":71},"end":{"line":90,"column":3}}},"7":{"name":"(anonymous_8)","decl":{"start":{"line":106,"column":32},"end":{"line":106,"column":37}},"loc":{"start":{"line":106,"column":90},"end":{"line":119,"column":1}}},"8":{"name":"(anonymous_9)","decl":{"start":{"line":122,"column":45},"end":{"line":122,"column":50}},"loc":{"start":{"line":122,"column":103},"end":{"line":135,"column":1}}}},"branchMap":{"0":{"loc":{"start":{"line":13,"column":1},"end":{"line":15,"column":2}},"type":"if","locations":[{"start":{"line":13,"column":1},"end":{"line":15,"column":2}},{"start":{},"end":{}}]},"1":{"loc":{"start":{"line":35,"column":1},"end":{"line":37,"column":2}},"type":"if","locations":[{"start":{"line":35,"column":1},"end":{"line":37,"column":2}},{"start":{},"end":{}}]},"2":{"loc":{"start":{"line":46,"column":2},"end":{"line":49,"column":3}},"type":"if","locations":[{"start":{"line":46,"column":2},"end":{"line":49,"column":3}},{"start":{},"end":{}}]},"3":{"loc":{"start":{"line":46,"column":6},"end":{"line":46,"column":65}},"type":"binary-expr","locations":[{"start":{"line":46,"column":6},"end":{"line":46,"column":30}},{"start":{"line":46,"column":34},"end":{"line":46,"column":65}}]},"4":{"loc":{"start":{"line":50,"column":22},"end":{"line":50,"column":73}},"type":"binary-expr","locations":[{"start":{"line":50,"column":22},"end":{"line":50,"column":43}},{"start":{"line":50,"column":47},"end":{"line":50,"column":73}}]},"5":{"loc":{"start":{"line":64,"column":31},"end":{"line":64,"column":94}},"type":"binary-expr","locations":[{"start":{"line":64,"column":31},"end":{"line":64,"column":68}},{"start":{"line":64,"column":72},"end":{"line":64,"column":94}}]},"6":{"loc":{"start":{"line":66,"column":2},"end":{"line":69,"column":3}},"type":"if","locations":[{"start":{"line":66,"column":2},"end":{"line":69,"column":3}},{"start":{},"end":{}}]},"7":{"loc":{"start":{"line":66,"column":6},"end":{"line":66,"column":39}},"type":"binary-expr","locations":[{"start":{"line":66,"column":6},"end":{"line":66,"column":15}},{"start":{"line":66,"column":19},"end":{"line":66,"column":39}}]},"8":{"loc":{"start":{"line":73,"column":2},"end":{"line":76,"column":3}},"type":"if","locations":[{"start":{"line":73,"column":2},"end":{"line":76,"column":3}},{"start":{},"end":{}}]},"9":{"loc":{"start":{"line":86,"column":3},"end":{"line":89,"column":4}},"type":"if","locations":[{"start":{"line":86,"column":3},"end":{"line":89,"column":4}},{"start":{},"end":{}}]},"10":{"loc":{"start":{"line":98,"column":16},"end":{"line":98,"column":68}},"type":"binary-expr","locations":[{"start":{"line":98,"column":16},"end":{"line":98,"column":38}},{"start":{"line":98,"column":42},"end":{"line":98,"column":68}}]},"11":{"loc":{"start":{"line":110,"column":2},"end":{"line":113,"column":3}},"type":"if","locations":[{"start":{"line":110,"column":2},"end":{"line":113,"column":3}},{"start":{},"end":{}}]},"12":{"loc":{"start":{"line":110,"column":6},"end":{"line":110,"column":60}},"type":"binary-expr","locations":[{"start":{"line":110,"column":6},"end":{"line":110,"column":25}},{"start":{"line":110,"column":29},"end":{"line":110,"column":60}}]},"13":{"loc":{"start":{"line":126,"column":2},"end":{"line":129,"column":3}},"type":"if","locations":[{"start":{"line":126,"column":2},"end":{"line":129,"column":3}},{"start":{},"end":{}}]}},"s":{"0":0,"1":0,"2":0,"3":0,"4":0,"5":0,"6":0,"7":0,"8":0,"9":0,"10":0,"11":0,"12":0,"13":0,"14":0,"15":0,"16":0,"17":0,"18":0,"19":0,"20":0,"21":0,"22":0,"23":0,"24":0,"25":0,"26":0,"27":0,"28":0,"29":0,"30":0,"31":0,"32":0,"33":0,"34":0,"35":0,"36":0,"37":0,"38":0,"39":0,"40":0,"41":0,"42":0,"43":0,"44":0,"45":0,"46":0,"47":0,"48":0,"49":0,"50":0,"51":0,"52":0,"53":0,"54":0,"55":0,"56":0,"57":0,"58":0,"59":0,"60":0,"61":0,"62":0,"63":0,"64":0,"65":0,"66":0,"67":0,"68":0,"69":0,"70":0,"71":0,"72":0,"73":0,"74":0,"75":0,"76":0,"77":0,"78":0,"79":0,"80":0},"f":{"0":0,"1":0,"2":0,"3":0,"4":0,"5":0,"6":0,"7":0,"8":0},"b":{"0":[0,0],"1":[0,0],"2":[0,0],"3":[0,0],"4":[0,0],"5":[0,0],"6":[0,0],"7":[0,0],"8":[0,0],"9":[0,0],"10":[0,0],"11":[0,0],"12":[0,0],"13":[0,0]}}
,"C:\\Users\\podko\\Desktop\\study_practic\\backend\\server\\modules\\guest\\guest.routes.ts": {"path":"C:\\Users\\podko\\Desktop\\study_practic\\backend\\server\\modules\\guest\\guest.routes.ts","statementMap":{"0":{"start":{"line":1,"column":0},"end":{"line":1,"column":33}},"1":{"start":{"line":2,"column":0},"end":{"line":2,"column":34}},"2":{"start":{"line":3,"column":0},"end":{"line":3,"column":24}},"3":{"start":{"line":4,"column":0},"end":{"line":4,"column":20}},"4":{"start":{"line":5,"column":0},"end":{"line":5,"column":30}},"5":{"start":{"line":6,"column":0},"end":{"line":6,"column":61}},"6":{"start":{"line":7,"column":0},"end":{"line":7,"column":51}},"7":{"start":{"line":9,"column":15},"end":{"line":9,"column":23}},"8":{"start":{"line":20,"column":15},"end":{"line":20,"column":36}},"9":{"start":{"line":21,"column":19},"end":{"line":21,"column":28}},"10":{"start":{"line":22,"column":16},"end":{"line":22,"column":33}},"11":{"start":{"line":24,"column":2},"end":{"line":30,"column":3}},"12":{"start":{"line":26,"column":4},"end":{"line":26,"column":47}},"13":{"start":{"line":27,"column":4},"end":{"line":27,"column":57}},"14":{"start":{"line":28,"column":4},"end":{"line":28,"column":44}},"15":{"start":{"line":29,"column":4},"end":{"line":29,"column":16}},"16":{"start":{"line":33,"column":16},"end":{"line":33,"column":54}},"17":{"start":{"line":34,"column":16},"end":{"line":34,"column":38}},"18":{"start":{"line":35,"column":14},"end":{"line":35,"column":62}},"19":{"start":{"line":38,"column":2},"end":{"line":42,"column":3}},"20":{"start":{"line":39,"column":4},"end":{"line":39,"column":70}},"21":{"start":{"line":40,"column":4},"end":{"line":40,"column":14}},"22":{"start":{"line":41,"column":4},"end":{"line":41,"column":16}},"23":{"start":{"line":44,"column":20},"end":{"line":44,"column":37}},"24":{"start":{"line":47,"column":2},"end":{"line":47,"column":18}},"25":{"start":{"line":48,"column":2},"end":{"line":48,"column":70}},"26":{"start":{"line":49,"column":2},"end":{"line":49,"column":42}},"27":{"start":{"line":50,"column":2},"end":{"line":50,"column":56}},"28":{"start":{"line":51,"column":2},"end":{"line":51,"column":45}},"29":{"start":{"line":53,"column":2},"end":{"line":53,"column":34}},"30":{"start":{"line":88,"column":0},"end":{"line":110,"column":4}},"31":{"start":{"line":89,"column":22},"end":{"line":89,"column":43}},"32":{"start":{"line":90,"column":17},"end":{"line":90,"column":43}},"33":{"start":{"line":91,"column":19},"end":{"line":91,"column":20}},"34":{"start":{"line":92,"column":30},"end":{"line":92,"column":32}},"35":{"start":{"line":94,"column":2},"end":{"line":102,"column":3}},"36":{"start":{"line":95,"column":4},"end":{"line":101,"column":5}},"37":{"start":{"line":96,"column":20},"end":{"line":96,"column":47}},"38":{"start":{"line":97,"column":6},"end":{"line":97,"column":32}},"39":{"start":{"line":98,"column":6},"end":{"line":98,"column":38}},"40":{"start":{"line":100,"column":6},"end":{"line":100,"column":78}},"41":{"start":{"line":104,"column":2},"end":{"line":109,"column":5}},"42":{"start":{"line":128,"column":0},"end":{"line":147,"column":4}},"43":{"start":{"line":129,"column":2},"end":{"line":129,"column":59}},"44":{"start":{"line":130,"column":15},"end":{"line":135,"column":4}},"45":{"start":{"line":137,"column":2},"end":{"line":137,"column":65}},"46":{"start":{"line":139,"column":18},"end":{"line":139,"column":56}},"47":{"start":{"line":140,"column":19},"end":{"line":144,"column":5}},"48":{"start":{"line":140,"column":41},"end":{"line":144,"column":4}},"49":{"start":{"line":146,"column":2},"end":{"line":146,"column":21}},"50":{"start":{"line":176,"column":0},"end":{"line":254,"column":4}},"51":{"start":{"line":177,"column":16},"end":{"line":177,"column":41}},"52":{"start":{"line":179,"column":2},"end":{"line":183,"column":3}},"53":{"start":{"line":180,"column":4},"end":{"line":180,"column":78}},"54":{"start":{"line":181,"column":4},"end":{"line":181,"column":65}},"55":{"start":{"line":182,"column":4},"end":{"line":182,"column":11}},"56":{"start":{"line":185,"column":2},"end":{"line":185,"column":76}},"57":{"start":{"line":187,"column":17},"end":{"line":192,"column":4}},"58":{"start":{"line":194,"column":2},"end":{"line":194,"column":170}},"59":{"start":{"line":196,"column":2},"end":{"line":200,"column":3}},"60":{"start":{"line":197,"column":4},"end":{"line":197,"column":101}},"61":{"start":{"line":198,"column":4},"end":{"line":198,"column":54}},"62":{"start":{"line":199,"column":4},"end":{"line":199,"column":11}},"63":{"start":{"line":202,"column":16},"end":{"line":202,"column":25}},"64":{"start":{"line":204,"column":23},"end":{"line":208,"column":21}},"65":{"start":{"line":210,"column":18},"end":{"line":210,"column":67}},"66":{"start":{"line":212,"column":2},"end":{"line":218,"column":5}},"67":{"start":{"line":220,"column":2},"end":{"line":226,"column":3}},"68":{"start":{"line":221,"column":4},"end":{"line":221,"column":72}},"69":{"start":{"line":222,"column":4},"end":{"line":222,"column":84}},"70":{"start":{"line":223,"column":4},"end":{"line":223,"column":76}},"71":{"start":{"line":224,"column":4},"end":{"line":224,"column":54}},"72":{"start":{"line":225,"column":4},"end":{"line":225,"column":11}},"73":{"start":{"line":228,"column":22},"end":{"line":228,"column":93}},"74":{"start":{"line":230,"column":20},"end":{"line":230,"column":81}},"75":{"start":{"line":232,"column":2},"end":{"line":234,"column":3}},"76":{"start":{"line":233,"column":4},"end":{"line":233,"column":11}},"77":{"start":{"line":236,"column":15},"end":{"line":236,"column":35}},"78":{"start":{"line":237,"column":21},"end":{"line":239,"column":100}},"79":{"start":{"line":240,"column":2},"end":{"line":240,"column":26}},"80":{"start":{"line":242,"column":24},"end":{"line":244,"column":8}},"81":{"start":{"line":246,"column":17},"end":{"line":246,"column":60}},"82":{"start":{"line":247,"column":2},"end":{"line":252,"column":5}},"83":{"start":{"line":248,"column":4},"end":{"line":248,"column":79}},"84":{"start":{"line":249,"column":4},"end":{"line":251,"column":5}},"85":{"start":{"line":250,"column":6},"end":{"line":250,"column":61}},"86":{"start":{"line":253,"column":2},"end":{"line":253,"column":19}},"87":{"start":{"line":283,"column":0},"end":{"line":441,"column":4}},"88":{"start":{"line":284,"column":16},"end":{"line":284,"column":41}},"89":{"start":{"line":286,"column":2},"end":{"line":290,"column":3}},"90":{"start":{"line":287,"column":4},"end":{"line":287,"column":67}},"91":{"start":{"line":288,"column":4},"end":{"line":288,"column":65}},"92":{"start":{"line":289,"column":4},"end":{"line":289,"column":11}},"93":{"start":{"line":292,"column":2},"end":{"line":292,"column":65}},"94":{"start":{"line":295,"column":17},"end":{"line":295,"column":59}},"95":{"start":{"line":297,"column":2},"end":{"line":301,"column":3}},"96":{"start":{"line":298,"column":4},"end":{"line":298,"column":69}},"97":{"start":{"line":299,"column":4},"end":{"line":299,"column":60}},"98":{"start":{"line":300,"column":4},"end":{"line":300,"column":11}},"99":{"start":{"line":304,"column":16},"end":{"line":304,"column":38}},"100":{"start":{"line":305,"column":2},"end":{"line":305,"column":61}},"101":{"start":{"line":308,"column":21},"end":{"line":308,"column":33}},"102":{"start":{"line":310,"column":2},"end":{"line":312,"column":3}},"103":{"start":{"line":311,"column":4},"end":{"line":311,"column":45}},"104":{"start":{"line":313,"column":2},"end":{"line":313,"column":37}},"105":{"start":{"line":316,"column":2},"end":{"line":318,"column":3}},"106":{"start":{"line":317,"column":4},"end":{"line":317,"column":52}},"107":{"start":{"line":320,"column":2},"end":{"line":320,"column":86}},"108":{"start":{"line":321,"column":21},"end":{"line":321,"column":47}},"109":{"start":{"line":322,"column":26},"end":{"line":322,"column":58}},"110":{"start":{"line":324,"column":20},"end":{"line":379,"column":4}},"111":{"start":{"line":325,"column":31},"end":{"line":325,"column":66}},"112":{"start":{"line":326,"column":22},"end":{"line":326,"column":40}},"113":{"start":{"line":329,"column":4},"end":{"line":332,"column":5}},"114":{"start":{"line":330,"column":6},"end":{"line":330,"column":102}},"115":{"start":{"line":331,"column":6},"end":{"line":331,"column":18}},"116":{"start":{"line":335,"column":4},"end":{"line":338,"column":5}},"117":{"start":{"line":336,"column":6},"end":{"line":336,"column":93}},"118":{"start":{"line":337,"column":6},"end":{"line":337,"column":18}},"119":{"start":{"line":341,"column":4},"end":{"line":346,"column":5}},"120":{"start":{"line":342,"column":6},"end":{"line":345,"column":7}},"121":{"start":{"line":343,"column":8},"end":{"line":343,"column":99}},"122":{"start":{"line":344,"column":8},"end":{"line":344,"column":20}},"123":{"start":{"line":349,"column":4},"end":{"line":352,"column":5}},"124":{"start":{"line":350,"column":6},"end":{"line":350,"column":116}},"125":{"start":{"line":351,"column":6},"end":{"line":351,"column":18}},"126":{"start":{"line":355,"column":4},"end":{"line":358,"column":5}},"127":{"start":{"line":356,"column":6},"end":{"line":356,"column":116}},"128":{"start":{"line":357,"column":6},"end":{"line":357,"column":18}},"129":{"start":{"line":361,"column":4},"end":{"line":367,"column":5}},"130":{"start":{"line":362,"column":28},"end":{"line":362,"column":59}},"131":{"start":{"line":363,"column":6},"end":{"line":366,"column":7}},"132":{"start":{"line":364,"column":8},"end":{"line":364,"column":108}},"133":{"start":{"line":365,"column":8},"end":{"line":365,"column":20}},"134":{"start":{"line":370,"column":4},"end":{"line":376,"column":5}},"135":{"start":{"line":371,"column":29},"end":{"line":371,"column":52}},"136":{"start":{"line":372,"column":6},"end":{"line":375,"column":7}},"137":{"start":{"line":373,"column":8},"end":{"line":373,"column":118}},"138":{"start":{"line":374,"column":8},"end":{"line":374,"column":20}},"139":{"start":{"line":378,"column":4},"end":{"line":378,"column":17}},"140":{"start":{"line":381,"column":2},"end":{"line":392,"column":3}},"141":{"start":{"line":382,"column":4},"end":{"line":382,"column":117}},"142":{"start":{"line":383,"column":4},"end":{"line":383,"column":56}},"143":{"start":{"line":384,"column":4},"end":{"line":384,"column":74}},"144":{"start":{"line":385,"column":4},"end":{"line":390,"column":7}},"145":{"start":{"line":391,"column":4},"end":{"line":391,"column":11}},"146":{"start":{"line":394,"column":18},"end":{"line":394,"column":49}},"147":{"start":{"line":396,"column":2},"end":{"line":402,"column":5}},"148":{"start":{"line":404,"column":2},"end":{"line":408,"column":3}},"149":{"start":{"line":405,"column":4},"end":{"line":405,"column":61}},"150":{"start":{"line":406,"column":4},"end":{"line":406,"column":54}},"151":{"start":{"line":407,"column":4},"end":{"line":407,"column":11}},"152":{"start":{"line":411,"column":14},"end":{"line":411,"column":49}},"153":{"start":{"line":412,"column":22},"end":{"line":412,"column":54}},"154":{"start":{"line":413,"column":15},"end":{"line":413,"column":35}},"155":{"start":{"line":416,"column":20},"end":{"line":416,"column":81}},"156":{"start":{"line":418,"column":2},"end":{"line":421,"column":3}},"157":{"start":{"line":420,"column":4},"end":{"line":420,"column":11}},"158":{"start":{"line":423,"column":21},"end":{"line":425,"column":89}},"159":{"start":{"line":426,"column":2},"end":{"line":426,"column":26}},"160":{"start":{"line":429,"column":24},"end":{"line":431,"column":8}},"161":{"start":{"line":433,"column":17},"end":{"line":433,"column":60}},"162":{"start":{"line":434,"column":2},"end":{"line":439,"column":5}},"163":{"start":{"line":435,"column":4},"end":{"line":435,"column":68}},"164":{"start":{"line":436,"column":4},"end":{"line":438,"column":5}},"165":{"start":{"line":437,"column":6},"end":{"line":437,"column":61}},"166":{"start":{"line":440,"column":2},"end":{"line":440,"column":19}},"167":{"start":{"line":466,"column":0},"end":{"line":557,"column":4}},"168":{"start":{"line":467,"column":13},"end":{"line":467,"column":34}},"169":{"start":{"line":468,"column":2},"end":{"line":468,"column":59}},"170":{"start":{"line":470,"column":17},"end":{"line":475,"column":4}},"171":{"start":{"line":477,"column":2},"end":{"line":477,"column":137}},"172":{"start":{"line":479,"column":2},"end":{"line":483,"column":3}},"173":{"start":{"line":480,"column":4},"end":{"line":480,"column":79}},"174":{"start":{"line":481,"column":4},"end":{"line":481,"column":54}},"175":{"start":{"line":482,"column":4},"end":{"line":482,"column":11}},"176":{"start":{"line":485,"column":16},"end":{"line":485,"column":25}},"177":{"start":{"line":487,"column":23},"end":{"line":491,"column":21}},"178":{"start":{"line":493,"column":18},"end":{"line":493,"column":67}},"179":{"start":{"line":495,"column":2},"end":{"line":501,"column":5}},"180":{"start":{"line":503,"column":2},"end":{"line":509,"column":3}},"181":{"start":{"line":504,"column":4},"end":{"line":504,"column":63}},"182":{"start":{"line":505,"column":4},"end":{"line":505,"column":75}},"183":{"start":{"line":506,"column":4},"end":{"line":506,"column":67}},"184":{"start":{"line":507,"column":4},"end":{"line":507,"column":54}},"185":{"start":{"line":508,"column":4},"end":{"line":508,"column":11}},"186":{"start":{"line":511,"column":22},"end":{"line":511,"column":93}},"187":{"start":{"line":512,"column":15},"end":{"line":512,"column":35}},"188":{"start":{"line":515,"column":20},"end":{"line":515,"column":81}},"189":{"start":{"line":517,"column":2},"end":{"line":520,"column":3}},"190":{"start":{"line":519,"column":4},"end":{"line":519,"column":11}},"191":{"start":{"line":522,"column":21},"end":{"line":524,"column":91}},"192":{"start":{"line":525,"column":2},"end":{"line":525,"column":26}},"193":{"start":{"line":528,"column":2},"end":{"line":533,"column":5}},"194":{"start":{"line":536,"column":2},"end":{"line":542,"column":5}},"195":{"start":{"line":545,"column":24},"end":{"line":547,"column":8}},"196":{"start":{"line":549,"column":17},"end":{"line":549,"column":60}},"197":{"start":{"line":550,"column":2},"end":{"line":555,"column":5}},"198":{"start":{"line":551,"column":4},"end":{"line":551,"column":70}},"199":{"start":{"line":552,"column":4},"end":{"line":554,"column":5}},"200":{"start":{"line":553,"column":6},"end":{"line":553,"column":61}},"201":{"start":{"line":556,"column":2},"end":{"line":556,"column":19}},"202":{"start":{"line":559,"column":0},"end":{"line":559,"column":22}}},"fnMap":{"0":{"name":"handleRangeRequest","decl":{"start":{"line":19,"column":9},"end":{"line":19,"column":27}},"loc":{"start":{"line":19,"column":85},"end":{"line":54,"column":1}}},"1":{"name":"(anonymous_2)","decl":{"start":{"line":88,"column":35},"end":{"line":88,"column":40}},"loc":{"start":{"line":88,"column":54},"end":{"line":110,"column":1}}},"2":{"name":"(anonymous_3)","decl":{"start":{"line":128,"column":29},"end":{"line":128,"column":34}},"loc":{"start":{"line":128,"column":48},"end":{"line":147,"column":1}}},"3":{"name":"(anonymous_4)","decl":{"start":{"line":140,"column":28},"end":{"line":140,"column":29}},"loc":{"start":{"line":140,"column":41},"end":{"line":144,"column":4}}},"4":{"name":"(anonymous_5)","decl":{"start":{"line":176,"column":44},"end":{"line":176,"column":49}},"loc":{"start":{"line":176,"column":63},"end":{"line":254,"column":1}}},"5":{"name":"(anonymous_6)","decl":{"start":{"line":247,"column":21},"end":{"line":247,"column":22}},"loc":{"start":{"line":247,"column":29},"end":{"line":252,"column":3}}},"6":{"name":"(anonymous_7)","decl":{"start":{"line":283,"column":39},"end":{"line":283,"column":44}},"loc":{"start":{"line":283,"column":58},"end":{"line":441,"column":1}}},"7":{"name":"(anonymous_8)","decl":{"start":{"line":324,"column":31},"end":{"line":324,"column":35}},"loc":{"start":{"line":324,"column":38},"end":{"line":379,"column":3}}},"8":{"name":"(anonymous_9)","decl":{"start":{"line":434,"column":21},"end":{"line":434,"column":22}},"loc":{"start":{"line":434,"column":29},"end":{"line":439,"column":3}}},"9":{"name":"(anonymous_10)","decl":{"start":{"line":466,"column":39},"end":{"line":466,"column":44}},"loc":{"start":{"line":466,"column":58},"end":{"line":557,"column":1}}},"10":{"name":"(anonymous_11)","decl":{"start":{"line":550,"column":21},"end":{"line":550,"column":22}},"loc":{"start":{"line":550,"column":29},"end":{"line":555,"column":3}}}},"branchMap":{"0":{"loc":{"start":{"line":24,"column":2},"end":{"line":30,"column":3}},"type":"if","locations":[{"start":{"line":24,"column":2},"end":{"line":30,"column":3}},{"start":{},"end":{}}]},"1":{"loc":{"start":{"line":35,"column":14},"end":{"line":35,"column":62}},"type":"cond-expr","locations":[{"start":{"line":35,"column":25},"end":{"line":35,"column":47}},{"start":{"line":35,"column":50},"end":{"line":35,"column":62}}]},"2":{"loc":{"start":{"line":38,"column":2},"end":{"line":42,"column":3}},"type":"if","locations":[{"start":{"line":38,"column":2},"end":{"line":42,"column":3}},{"start":{},"end":{}}]},"3":{"loc":{"start":{"line":38,"column":6},"end":{"line":38,"column":57}},"type":"binary-expr","locations":[{"start":{"line":38,"column":6},"end":{"line":38,"column":23}},{"start":{"line":38,"column":27},"end":{"line":38,"column":42}},{"start":{"line":38,"column":46},"end":{"line":38,"column":57}}]},"4":{"loc":{"start":{"line":94,"column":2},"end":{"line":102,"column":3}},"type":"if","locations":[{"start":{"line":94,"column":2},"end":{"line":102,"column":3}},{"start":{},"end":{}}]},"5":{"loc":{"start":{"line":179,"column":2},"end":{"line":183,"column":3}},"type":"if","locations":[{"start":{"line":179,"column":2},"end":{"line":183,"column":3}},{"start":{},"end":{}}]},"6":{"loc":{"start":{"line":179,"column":6},"end":{"line":179,"column":64}},"type":"binary-expr","locations":[{"start":{"line":179,"column":6},"end":{"line":179,"column":12}},{"start":{"line":179,"column":16},"end":{"line":179,"column":41}},{"start":{"line":179,"column":45},"end":{"line":179,"column":64}}]},"7":{"loc":{"start":{"line":194,"column":58},"end":{"line":194,"column":168}},"type":"cond-expr","locations":[{"start":{"line":194,"column":78},"end":{"line":194,"column":154}},{"start":{"line":194,"column":157},"end":{"line":194,"column":168}}]},"8":{"loc":{"start":{"line":196,"column":2},"end":{"line":200,"column":3}},"type":"if","locations":[{"start":{"line":196,"column":2},"end":{"line":200,"column":3}},{"start":{},"end":{}}]},"9":{"loc":{"start":{"line":204,"column":23},"end":{"line":208,"column":21}},"type":"cond-expr","locations":[{"start":{"line":205,"column":6},"end":{"line":205,"column":46}},{"start":{"line":206,"column":6},"end":{"line":208,"column":21}}]},"10":{"loc":{"start":{"line":206,"column":6},"end":{"line":208,"column":21}},"type":"cond-expr","locations":[{"start":{"line":207,"column":6},"end":{"line":207,"column":30}},{"start":{"line":208,"column":6},"end":{"line":208,"column":21}}]},"11":{"loc":{"start":{"line":220,"column":2},"end":{"line":226,"column":3}},"type":"if","locations":[{"start":{"line":220,"column":2},"end":{"line":226,"column":3}},{"start":{},"end":{}}]},"12":{"loc":{"start":{"line":228,"column":22},"end":{"line":228,"column":93}},"type":"binary-expr","locations":[{"start":{"line":228,"column":22},"end":{"line":228,"column":77}},{"start":{"line":228,"column":81},"end":{"line":228,"column":93}}]},"13":{"loc":{"start":{"line":228,"column":34},"end":{"line":228,"column":76}},"type":"binary-expr","locations":[{"start":{"line":228,"column":34},"end":{"line":228,"column":51}},{"start":{"line":228,"column":55},"end":{"line":228,"column":76}}]},"14":{"loc":{"start":{"line":232,"column":2},"end":{"line":234,"column":3}},"type":"if","locations":[{"start":{"line":232,"column":2},"end":{"line":234,"column":3}},{"start":{},"end":{}}]},"15":{"loc":{"start":{"line":232,"column":6},"end":{"line":232,"column":43}},"type":"binary-expr","locations":[{"start":{"line":232,"column":6},"end":{"line":232,"column":24}},{"start":{"line":232,"column":28},"end":{"line":232,"column":43}}]},"16":{"loc":{"start":{"line":237,"column":21},"end":{"line":239,"column":100}},"type":"cond-expr","locations":[{"start":{"line":238,"column":6},"end":{"line":238,"column":134}},{"start":{"line":239,"column":6},"end":{"line":239,"column":100}}]},"17":{"loc":{"start":{"line":242,"column":24},"end":{"line":244,"column":8}},"type":"cond-expr","locations":[{"start":{"line":243,"column":6},"end":{"line":243,"column":52}},{"start":{"line":244,"column":6},"end":{"line":244,"column":8}}]},"18":{"loc":{"start":{"line":249,"column":4},"end":{"line":251,"column":5}},"type":"if","locations":[{"start":{"line":249,"column":4},"end":{"line":251,"column":5}},{"start":{},"end":{}}]},"19":{"loc":{"start":{"line":286,"column":2},"end":{"line":290,"column":3}},"type":"if","locations":[{"start":{"line":286,"column":2},"end":{"line":290,"column":3}},{"start":{},"end":{}}]},"20":{"loc":{"start":{"line":286,"column":6},"end":{"line":286,"column":64}},"type":"binary-expr","locations":[{"start":{"line":286,"column":6},"end":{"line":286,"column":12}},{"start":{"line":286,"column":16},"end":{"line":286,"column":41}},{"start":{"line":286,"column":45},"end":{"line":286,"column":64}}]},"21":{"loc":{"start":{"line":297,"column":2},"end":{"line":301,"column":3}},"type":"if","locations":[{"start":{"line":297,"column":2},"end":{"line":301,"column":3}},{"start":{},"end":{}}]},"22":{"loc":{"start":{"line":310,"column":9},"end":{"line":310,"column":67}},"type":"binary-expr","locations":[{"start":{"line":310,"column":9},"end":{"line":310,"column":32}},{"start":{"line":310,"column":36},"end":{"line":310,"column":67}}]},"23":{"loc":{"start":{"line":316,"column":2},"end":{"line":318,"column":3}},"type":"if","locations":[{"start":{"line":316,"column":2},"end":{"line":318,"column":3}},{"start":{},"end":{}}]},"24":{"loc":{"start":{"line":316,"column":6},"end":{"line":316,"column":85}},"type":"binary-expr","locations":[{"start":{"line":316,"column":6},"end":{"line":316,"column":30}},{"start":{"line":316,"column":34},"end":{"line":316,"column":85}}]},"25":{"loc":{"start":{"line":329,"column":4},"end":{"line":332,"column":5}},"type":"if","locations":[{"start":{"line":329,"column":4},"end":{"line":332,"column":5}},{"start":{},"end":{}}]},"26":{"loc":{"start":{"line":335,"column":4},"end":{"line":338,"column":5}},"type":"if","locations":[{"start":{"line":335,"column":4},"end":{"line":338,"column":5}},{"start":{},"end":{}}]},"27":{"loc":{"start":{"line":342,"column":6},"end":{"line":345,"column":7}},"type":"if","locations":[{"start":{"line":342,"column":6},"end":{"line":345,"column":7}},{"start":{},"end":{}}]},"28":{"loc":{"start":{"line":349,"column":4},"end":{"line":352,"column":5}},"type":"if","locations":[{"start":{"line":349,"column":4},"end":{"line":352,"column":5}},{"start":{},"end":{}}]},"29":{"loc":{"start":{"line":355,"column":4},"end":{"line":358,"column":5}},"type":"if","locations":[{"start":{"line":355,"column":4},"end":{"line":358,"column":5}},{"start":{},"end":{}}]},"30":{"loc":{"start":{"line":361,"column":4},"end":{"line":367,"column":5}},"type":"if","locations":[{"start":{"line":361,"column":4},"end":{"line":367,"column":5}},{"start":{},"end":{}}]},"31":{"loc":{"start":{"line":363,"column":6},"end":{"line":366,"column":7}},"type":"if","locations":[{"start":{"line":363,"column":6},"end":{"line":366,"column":7}},{"start":{},"end":{}}]},"32":{"loc":{"start":{"line":363,"column":10},"end":{"line":363,"column":118}},"type":"binary-expr","locations":[{"start":{"line":363,"column":10},"end":{"line":363,"column":38}},{"start":{"line":363,"column":42},"end":{"line":363,"column":78}},{"start":{"line":363,"column":82},"end":{"line":363,"column":118}}]},"33":{"loc":{"start":{"line":370,"column":4},"end":{"line":376,"column":5}},"type":"if","locations":[{"start":{"line":370,"column":4},"end":{"line":376,"column":5}},{"start":{},"end":{}}]},"34":{"loc":{"start":{"line":372,"column":6},"end":{"line":375,"column":7}},"type":"if","locations":[{"start":{"line":372,"column":6},"end":{"line":375,"column":7}},{"start":{},"end":{}}]},"35":{"loc":{"start":{"line":372,"column":10},"end":{"line":372,"column":145}},"type":"binary-expr","locations":[{"start":{"line":372,"column":10},"end":{"line":372,"column":47}},{"start":{"line":372,"column":51},"end":{"line":372,"column":96}},{"start":{"line":372,"column":100},"end":{"line":372,"column":145}}]},"36":{"loc":{"start":{"line":381,"column":2},"end":{"line":392,"column":3}},"type":"if","locations":[{"start":{"line":381,"column":2},"end":{"line":392,"column":3}},{"start":{},"end":{}}]},"37":{"loc":{"start":{"line":404,"column":2},"end":{"line":408,"column":3}},"type":"if","locations":[{"start":{"line":404,"column":2},"end":{"line":408,"column":3}},{"start":{},"end":{}}]},"38":{"loc":{"start":{"line":412,"column":22},"end":{"line":412,"column":54}},"type":"binary-expr","locations":[{"start":{"line":412,"column":22},"end":{"line":412,"column":38}},{"start":{"line":412,"column":42},"end":{"line":412,"column":54}}]},"39":{"loc":{"start":{"line":418,"column":2},"end":{"line":421,"column":3}},"type":"if","locations":[{"start":{"line":418,"column":2},"end":{"line":421,"column":3}},{"start":{},"end":{}}]},"40":{"loc":{"start":{"line":418,"column":6},"end":{"line":418,"column":43}},"type":"binary-expr","locations":[{"start":{"line":418,"column":6},"end":{"line":418,"column":24}},{"start":{"line":418,"column":28},"end":{"line":418,"column":43}}]},"41":{"loc":{"start":{"line":423,"column":21},"end":{"line":425,"column":89}},"type":"cond-expr","locations":[{"start":{"line":424,"column":6},"end":{"line":424,"column":123}},{"start":{"line":425,"column":6},"end":{"line":425,"column":89}}]},"42":{"loc":{"start":{"line":429,"column":24},"end":{"line":431,"column":8}},"type":"cond-expr","locations":[{"start":{"line":430,"column":6},"end":{"line":430,"column":52}},{"start":{"line":431,"column":6},"end":{"line":431,"column":8}}]},"43":{"loc":{"start":{"line":436,"column":4},"end":{"line":438,"column":5}},"type":"if","locations":[{"start":{"line":436,"column":4},"end":{"line":438,"column":5}},{"start":{},"end":{}}]},"44":{"loc":{"start":{"line":477,"column":49},"end":{"line":477,"column":135}},"type":"cond-expr","locations":[{"start":{"line":477,"column":69},"end":{"line":477,"column":121}},{"start":{"line":477,"column":124},"end":{"line":477,"column":135}}]},"45":{"loc":{"start":{"line":479,"column":2},"end":{"line":483,"column":3}},"type":"if","locations":[{"start":{"line":479,"column":2},"end":{"line":483,"column":3}},{"start":{},"end":{}}]},"46":{"loc":{"start":{"line":487,"column":23},"end":{"line":491,"column":21}},"type":"cond-expr","locations":[{"start":{"line":488,"column":6},"end":{"line":488,"column":46}},{"start":{"line":489,"column":6},"end":{"line":491,"column":21}}]},"47":{"loc":{"start":{"line":489,"column":6},"end":{"line":491,"column":21}},"type":"cond-expr","locations":[{"start":{"line":490,"column":6},"end":{"line":490,"column":30}},{"start":{"line":491,"column":6},"end":{"line":491,"column":21}}]},"48":{"loc":{"start":{"line":503,"column":2},"end":{"line":509,"column":3}},"type":"if","locations":[{"start":{"line":503,"column":2},"end":{"line":509,"column":3}},{"start":{},"end":{}}]},"49":{"loc":{"start":{"line":511,"column":22},"end":{"line":511,"column":93}},"type":"binary-expr","locations":[{"start":{"line":511,"column":22},"end":{"line":511,"column":77}},{"start":{"line":511,"column":81},"end":{"line":511,"column":93}}]},"50":{"loc":{"start":{"line":511,"column":34},"end":{"line":511,"column":76}},"type":"binary-expr","locations":[{"start":{"line":511,"column":34},"end":{"line":511,"column":51}},{"start":{"line":511,"column":55},"end":{"line":511,"column":76}}]},"51":{"loc":{"start":{"line":517,"column":2},"end":{"line":520,"column":3}},"type":"if","locations":[{"start":{"line":517,"column":2},"end":{"line":520,"column":3}},{"start":{},"end":{}}]},"52":{"loc":{"start":{"line":517,"column":6},"end":{"line":517,"column":43}},"type":"binary-expr","locations":[{"start":{"line":517,"column":6},"end":{"line":517,"column":24}},{"start":{"line":517,"column":28},"end":{"line":517,"column":43}}]},"53":{"loc":{"start":{"line":522,"column":21},"end":{"line":524,"column":91}},"type":"cond-expr","locations":[{"start":{"line":523,"column":6},"end":{"line":523,"column":125}},{"start":{"line":524,"column":6},"end":{"line":524,"column":91}}]},"54":{"loc":{"start":{"line":545,"column":24},"end":{"line":547,"column":8}},"type":"cond-expr","locations":[{"start":{"line":546,"column":6},"end":{"line":546,"column":52}},{"start":{"line":547,"column":6},"end":{"line":547,"column":8}}]},"55":{"loc":{"start":{"line":552,"column":4},"end":{"line":554,"column":5}},"type":"if","locations":[{"start":{"line":552,"column":4},"end":{"line":554,"column":5}},{"start":{},"end":{}}]}},"s":{"0":0,"1":0,"2":0,"3":0,"4":0,"5":0,"6":0,"7":0,"8":0,"9":0,"10":0,"11":0,"12":0,"13":0,"14":0,"15":0,"16":0,"17":0,"18":0,"19":0,"20":0,"21":0,"22":0,"23":0,"24":0,"25":0,"26":0,"27":0,"28":0,"29":0,"30":0,"31":0,"32":0,"33":0,"34":0,"35":0,"36":0,"37":0,"38":0,"39":0,"40":0,"41":0,"42":0,"43":0,"44":0,"45":0,"46":0,"47":0,"48":0,"49":0,"50":0,"51":0,"52":0,"53":0,"54":0,"55":0,"56":0,"57":0,"58":0,"59":0,"60":0,"61":0,"62":0,"63":0,"64":0,"65":0,"66":0,"67":0,"68":0,"69":0,"70":0,"71":0,"72":0,"73":0,"74":0,"75":0,"76":0,"77":0,"78":0,"79":0,"80":0,"81":0,"82":0,"83":0,"84":0,"85":0,"86":0,"87":0,"88":0,"89":0,"90":0,"91":0,"92":0,"93":0,"94":0,"95":0,"96":0,"97":0,"98":0,"99":0,"100":0,"101":0,"102":0,"103":0,"104":0,"105":0,"106":0,"107":0,"108":0,"109":0,"110":0,"111":0,"112":0,"113":0,"114":0,"115":0,"116":0,"117":0,"118":0,"119":0,"120":0,"121":0,"122":0,"123":0,"124":0,"125":0,"126":0,"127":0,"128":0,"129":0,"130":0,"131":0,"132":0,"133":0,"134":0,"135":0,"136":0,"137":0,"138":0,"139":0,"140":0,"141":0,"142":0,"143":0,"144":0,"145":0,"146":0,"147":0,"148":0,"149":0,"150":0,"151":0,"152":0,"153":0,"154":0,"155":0,"156":0,"157":0,"158":0,"159":0,"160":0,"161":0,"162":0,"163":0,"164":0,"165":0,"166":0,"167":0,"168":0,"169":0,"170":0,"171":0,"172":0,"173":0,"174":0,"175":0,"176":0,"177":0,"178":0,"179":0,"180":0,"181":0,"182":0,"183":0,"184":0,"185":0,"186":0,"187":0,"188":0,"189":0,"190":0,"191":0,"192":0,"193":0,"194":0,"195":0,"196":0,"197":0,"198":0,"199":0,"200":0,"201":0,"202":0},"f":{"0":0,"1":0,"2":0,"3":0,"4":0,"5":0,"6":0,"7":0,"8":0,"9":0,"10":0},"b":{"0":[0,0],"1":[0,0],"2":[0,0],"3":[0,0,0],"4":[0,0],"5":[0,0],"6":[0,0,0],"7":[0,0],"8":[0,0],"9":[0,0],"10":[0,0],"11":[0,0],"12":[0,0],"13":[0,0],"14":[0,0],"15":[0,0],"16":[0,0],"17":[0,0],"18":[0,0],"19":[0,0],"20":[0,0,0],"21":[0,0],"22":[0,0],"23":[0,0],"24":[0,0],"25":[0,0],"26":[0,0],"27":[0,0],"28":[0,0],"29":[0,0],"30":[0,0],"31":[0,0],"32":[0,0,0],"33":[0,0],"34":[0,0],"35":[0,0,0],"36":[0,0],"37":[0,0],"38":[0,0],"39":[0,0],"40":[0,0],"41":[0,0],"42":[0,0],"43":[0,0],"44":[0,0],"45":[0,0],"46":[0,0],"47":[0,0],"48":[0,0],"49":[0,0],"50":[0,0],"51":[0,0],"52":[0,0],"53":[0,0],"54":[0,0],"55":[0,0]}}
,"C:\\Users\\podko\\Desktop\\study_practic\\backend\\server\\services\\password.service.ts": {"path":"C:\\Users\\podko\\Desktop\\study_practic\\backend\\server\\services\\password.service.ts","statementMap":{"0":{"start":{"line":1,"column":0},"end":{"line":1,"column":28}},"1":{"start":{"line":3,"column":20},"end":{"line":3,"column":22}},"2":{"start":{"line":5,"column":28},"end":{"line":7,"column":1}},"3":{"start":{"line":6,"column":2},"end":{"line":6,"column":44}},"4":{"start":{"line":5,"column":13},"end":{"line":5,"column":28}},"5":{"start":{"line":9,"column":31},"end":{"line":12,"column":1}},"6":{"start":{"line":10,"column":2},"end":{"line":10,"column":26}},"7":{"start":{"line":10,"column":13},"end":{"line":10,"column":26}},"8":{"start":{"line":11,"column":2},"end":{"line":11,"column":40}},"9":{"start":{"line":9,"column":13},"end":{"line":9,"column":31}}},"fnMap":{"0":{"name":"(anonymous_1)","decl":{"start":{"line":5,"column":28},"end":{"line":5,"column":33}},"loc":{"start":{"line":5,"column":55},"end":{"line":7,"column":1}}},"1":{"name":"(anonymous_2)","decl":{"start":{"line":9,"column":31},"end":{"line":9,"column":36}},"loc":{"start":{"line":9,"column":79},"end":{"line":12,"column":1}}}},"branchMap":{"0":{"loc":{"start":{"line":10,"column":2},"end":{"line":10,"column":26}},"type":"if","locations":[{"start":{"line":10,"column":2},"end":{"line":10,"column":26}},{"start":{},"end":{}}]}},"s":{"0":1,"1":1,"2":1,"3":6,"4":1,"5":1,"6":7,"7":2,"8":5,"9":1},"f":{"0":6,"1":7},"b":{"0":[2,5]}}
,"C:\\Users\\podko\\Desktop\\study_practic\\backend\\server\\services\\token.service.ts": {"path":"C:\\Users\\podko\\Desktop\\study_practic\\backend\\server\\services\\token.service.ts","statementMap":{"0":{"start":{"line":1,"column":0},"end":{"line":1,"column":68}},"1":{"start":{"line":2,"column":0},"end":{"line":2,"column":48}},"2":{"start":{"line":19,"column":18},"end":{"line":33,"column":1}},"3":{"start":{"line":25,"column":2},"end":{"line":32,"column":4}},"4":{"start":{"line":35,"column":20},"end":{"line":49,"column":1}},"5":{"start":{"line":36,"column":18},"end":{"line":36,"column":43}},"6":{"start":{"line":38,"column":2},"end":{"line":40,"column":3}},"7":{"start":{"line":39,"column":4},"end":{"line":39,"column":46}},"8":{"start":{"line":42,"column":18},"end":{"line":42,"column":39}},"9":{"start":{"line":44,"column":2},"end":{"line":46,"column":3}},"10":{"start":{"line":45,"column":4},"end":{"line":45,"column":45}},"11":{"start":{"line":48,"column":2},"end":{"line":48,"column":48}},"12":{"start":{"line":51,"column":35},"end":{"line":56,"column":null}},"13":{"start":{"line":52,"column":2},"end":{"line":56,"column":null}},"14":{"start":{"line":51,"column":13},"end":{"line":51,"column":35}},"15":{"start":{"line":59,"column":36},"end":{"line":64,"column":null}},"16":{"start":{"line":60,"column":2},"end":{"line":64,"column":null}},"17":{"start":{"line":59,"column":13},"end":{"line":59,"column":36}},"18":{"start":{"line":67,"column":33},"end":{"line":73,"column":1}},"19":{"start":{"line":68,"column":18},"end":{"line":68,"column":64}},"20":{"start":{"line":69,"column":2},"end":{"line":71,"column":3}},"21":{"start":{"line":70,"column":4},"end":{"line":70,"column":49}},"22":{"start":{"line":72,"column":2},"end":{"line":72,"column":17}},"23":{"start":{"line":67,"column":13},"end":{"line":67,"column":33}},"24":{"start":{"line":75,"column":34},"end":{"line":81,"column":1}},"25":{"start":{"line":76,"column":18},"end":{"line":76,"column":65}},"26":{"start":{"line":77,"column":2},"end":{"line":79,"column":3}},"27":{"start":{"line":78,"column":4},"end":{"line":78,"column":50}},"28":{"start":{"line":80,"column":2},"end":{"line":80,"column":17}},"29":{"start":{"line":75,"column":13},"end":{"line":75,"column":34}},"30":{"start":{"line":83,"column":42},"end":{"line":88,"column":null}},"31":{"start":{"line":84,"column":2},"end":{"line":88,"column":null}},"32":{"start":{"line":83,"column":13},"end":{"line":83,"column":42}},"33":{"start":{"line":91,"column":40},"end":{"line":97,"column":1}},"34":{"start":{"line":92,"column":18},"end":{"line":92,"column":68}},"35":{"start":{"line":93,"column":2},"end":{"line":95,"column":3}},"36":{"start":{"line":94,"column":4},"end":{"line":94,"column":57}},"37":{"start":{"line":96,"column":2},"end":{"line":96,"column":17}},"38":{"start":{"line":91,"column":13},"end":{"line":91,"column":40}}},"fnMap":{"0":{"name":"(anonymous_1)","decl":{"start":{"line":19,"column":18},"end":{"line":19,"column":null}},"loc":{"start":{"line":24,"column":4},"end":{"line":33,"column":1}}},"1":{"name":"(anonymous_2)","decl":{"start":{"line":35,"column":20},"end":{"line":35,"column":21}},"loc":{"start":{"line":35,"column":72},"end":{"line":49,"column":1}}},"2":{"name":"(anonymous_3)","decl":{"start":{"line":51,"column":35},"end":{"line":51,"column":36}},"loc":{"start":{"line":52,"column":2},"end":{"line":56,"column":null}}},"3":{"name":"(anonymous_4)","decl":{"start":{"line":59,"column":36},"end":{"line":59,"column":37}},"loc":{"start":{"line":60,"column":2},"end":{"line":64,"column":null}}},"4":{"name":"(anonymous_5)","decl":{"start":{"line":67,"column":33},"end":{"line":67,"column":34}},"loc":{"start":{"line":67,"column":51},"end":{"line":73,"column":1}}},"5":{"name":"(anonymous_6)","decl":{"start":{"line":75,"column":34},"end":{"line":75,"column":35}},"loc":{"start":{"line":75,"column":52},"end":{"line":81,"column":1}}},"6":{"name":"(anonymous_7)","decl":{"start":{"line":83,"column":42},"end":{"line":83,"column":43}},"loc":{"start":{"line":84,"column":2},"end":{"line":88,"column":null}}},"7":{"name":"(anonymous_8)","decl":{"start":{"line":91,"column":40},"end":{"line":91,"column":41}},"loc":{"start":{"line":91,"column":58},"end":{"line":97,"column":1}}}},"branchMap":{"0":{"loc":{"start":{"line":38,"column":2},"end":{"line":40,"column":3}},"type":"if","locations":[{"start":{"line":38,"column":2},"end":{"line":40,"column":3}},{"start":{},"end":{}}]},"1":{"loc":{"start":{"line":44,"column":2},"end":{"line":46,"column":3}},"type":"if","locations":[{"start":{"line":44,"column":2},"end":{"line":46,"column":3}},{"start":{},"end":{}}]},"2":{"loc":{"start":{"line":69,"column":2},"end":{"line":71,"column":3}},"type":"if","locations":[{"start":{"line":69,"column":2},"end":{"line":71,"column":3}},{"start":{},"end":{}}]},"3":{"loc":{"start":{"line":77,"column":2},"end":{"line":79,"column":3}},"type":"if","locations":[{"start":{"line":77,"column":2},"end":{"line":79,"column":3}},{"start":{},"end":{}}]},"4":{"loc":{"start":{"line":93,"column":2},"end":{"line":95,"column":3}},"type":"if","locations":[{"start":{"line":93,"column":2},"end":{"line":95,"column":3}},{"start":{},"end":{}}]}},"s":{"0":1,"1":1,"2":1,"3":10,"4":1,"5":8,"6":5,"7":1,"8":4,"9":4,"10":1,"11":3,"12":1,"13":10,"14":1,"15":1,"16":0,"17":1,"18":1,"19":8,"20":3,"21":1,"22":2,"23":1,"24":1,"25":0,"26":0,"27":0,"28":0,"29":1,"30":1,"31":0,"32":1,"33":1,"34":0,"35":0,"36":0,"37":0,"38":1},"f":{"0":10,"1":8,"2":10,"3":0,"4":8,"5":0,"6":0,"7":0},"b":{"0":[1,4],"1":[1,3],"2":[1,2],"3":[0,0],"4":[0,0]}}
,"C:\\Users\\podko\\Desktop\\study_practic\\backend\\server\\utils\\arrayUtils.ts": {"path":"C:\\Users\\podko\\Desktop\\study_practic\\backend\\server\\utils\\arrayUtils.ts","statementMap":{"0":{"start":{"line":12,"column":34},"end":{"line":28,"column":1}},"1":{"start":{"line":13,"column":2},"end":{"line":15,"column":3}},"2":{"start":{"line":14,"column":4},"end":{"line":14,"column":59}},"3":{"start":{"line":17,"column":21},"end":{"line":17,"column":49}},"4":{"start":{"line":18,"column":22},"end":{"line":21,"column":4}},"5":{"start":{"line":19,"column":4},"end":{"line":19,"column":48}},"6":{"start":{"line":19,"column":35},"end":{"line":19,"column":48}},"7":{"start":{"line":20,"column":4},"end":{"line":20,"column":41}},"8":{"start":{"line":23,"column":2},"end":{"line":25,"column":3}},"9":{"start":{"line":24,"column":4},"end":{"line":24,"column":75}},"10":{"start":{"line":27,"column":2},"end":{"line":27,"column":21}},"11":{"start":{"line":12,"column":13},"end":{"line":12,"column":34}},"12":{"start":{"line":36,"column":32},"end":{"line":53,"column":1}},"13":{"start":{"line":37,"column":2},"end":{"line":39,"column":3}},"14":{"start":{"line":38,"column":4},"end":{"line":38,"column":59}},"15":{"start":{"line":41,"column":2},"end":{"line":43,"column":3}},"16":{"start":{"line":42,"column":4},"end":{"line":42,"column":51}},"17":{"start":{"line":45,"column":14},"end":{"line":50,"column":7}},"18":{"start":{"line":46,"column":4},"end":{"line":48,"column":5}},"19":{"start":{"line":47,"column":6},"end":{"line":47,"column":62}},"20":{"start":{"line":49,"column":4},"end":{"line":49,"column":21}},"21":{"start":{"line":52,"column":2},"end":{"line":52,"column":30}},"22":{"start":{"line":36,"column":13},"end":{"line":36,"column":32}}},"fnMap":{"0":{"name":"(anonymous_0)","decl":{"start":{"line":12,"column":34},"end":{"line":12,"column":35}},"loc":{"start":{"line":12,"column":93},"end":{"line":28,"column":1}}},"1":{"name":"(anonymous_1)","decl":{"start":{"line":18,"column":36},"end":{"line":18,"column":41}},"loc":{"start":{"line":18,"column":44},"end":{"line":21,"column":3}}},"2":{"name":"(anonymous_2)","decl":{"start":{"line":36,"column":32},"end":{"line":36,"column":33}},"loc":{"start":{"line":36,"column":62},"end":{"line":53,"column":1}}},"3":{"name":"(anonymous_3)","decl":{"start":{"line":45,"column":29},"end":{"line":45,"column":30}},"loc":{"start":{"line":45,"column":42},"end":{"line":50,"column":3}}}},"branchMap":{"0":{"loc":{"start":{"line":12,"column":53},"end":{"line":12,"column":79}},"type":"default-arg","locations":[{"start":{"line":12,"column":75},"end":{"line":12,"column":79}}]},"1":{"loc":{"start":{"line":13,"column":2},"end":{"line":15,"column":3}},"type":"if","locations":[{"start":{"line":13,"column":2},"end":{"line":15,"column":3}},{"start":{},"end":{}}]},"2":{"loc":{"start":{"line":19,"column":4},"end":{"line":19,"column":48}},"type":"if","locations":[{"start":{"line":19,"column":4},"end":{"line":19,"column":48}},{"start":{},"end":{}}]},"3":{"loc":{"start":{"line":23,"column":2},"end":{"line":25,"column":3}},"type":"if","locations":[{"start":{"line":23,"column":2},"end":{"line":25,"column":3}},{"start":{},"end":{}}]},"4":{"loc":{"start":{"line":23,"column":6},"end":{"line":23,"column":45}},"type":"binary-expr","locations":[{"start":{"line":23,"column":6},"end":{"line":23,"column":17}},{"start":{"line":23,"column":21},"end":{"line":23,"column":45}}]},"5":{"loc":{"start":{"line":37,"column":2},"end":{"line":39,"column":3}},"type":"if","locations":[{"start":{"line":37,"column":2},"end":{"line":39,"column":3}},{"start":{},"end":{}}]},"6":{"loc":{"start":{"line":41,"column":2},"end":{"line":43,"column":3}},"type":"if","locations":[{"start":{"line":41,"column":2},"end":{"line":43,"column":3}},{"start":{},"end":{}}]},"7":{"loc":{"start":{"line":46,"column":4},"end":{"line":48,"column":5}},"type":"if","locations":[{"start":{"line":46,"column":4},"end":{"line":48,"column":5}},{"start":{},"end":{}}]},"8":{"loc":{"start":{"line":46,"column":8},"end":{"line":46,"column":45}},"type":"binary-expr","locations":[{"start":{"line":46,"column":8},"end":{"line":46,"column":31}},{"start":{"line":46,"column":35},"end":{"line":46,"column":45}}]}},"s":{"0":1,"1":17,"2":6,"3":11,"4":11,"5":124,"6":3,"7":121,"8":11,"9":1,"10":10,"11":1,"12":1,"13":21,"14":6,"15":15,"16":1,"17":14,"18":1041,"19":2,"20":1039,"21":12,"22":1},"f":{"0":17,"1":124,"2":21,"3":1041},"b":{"0":[15],"1":[6,11],"2":[3,121],"3":[1,10],"4":[11,1],"5":[6,15],"6":[1,14],"7":[2,1039],"8":[1041,1040]}}
,"C:\\Users\\podko\\Desktop\\study_practic\\backend\\server\\utils\\httpError.ts": {"path":"C:\\Users\\podko\\Desktop\\study_practic\\backend\\server\\utils\\httpError.ts","statementMap":{"0":{"start":{"line":5,"column":4},"end":{"line":5,"column":19}},"1":{"start":{"line":6,"column":4},"end":{"line":6,"column":33}},"2":{"start":{"line":7,"column":4},"end":{"line":7,"column":53}},"3":{"start":{"line":1,"column":0},"end":{"line":1,"column":13}},"4":{"start":{"line":11,"column":31},"end":{"line":11,"column":106}},"5":{"start":{"line":11,"column":72},"end":{"line":11,"column":106}},"6":{"start":{"line":11,"column":13},"end":{"line":11,"column":31}}},"fnMap":{"0":{"name":"(anonymous_0)","decl":{"start":{"line":4,"column":2},"end":{"line":4,"column":14}},"loc":{"start":{"line":4,"column":49},"end":{"line":8,"column":3}}},"1":{"name":"(anonymous_1)","decl":{"start":{"line":11,"column":31},"end":{"line":11,"column":32}},"loc":{"start":{"line":11,"column":72},"end":{"line":11,"column":106}}}},"branchMap":{},"s":{"0":0,"1":0,"2":0,"3":0,"4":0,"5":0,"6":0},"f":{"0":0,"1":0},"b":{}}
}
